mode: set
github.com/suyashkumar/dicom/pkg/debug/default.go:7.24,7.25 0 0
github.com/suyashkumar/dicom/pkg/debug/default.go:10.40,10.41 0 0
github.com/suyashkumar/dicom/cmd/dicomutil/main.go:34.13,37.14 2 0
github.com/suyashkumar/dicom/cmd/dicomutil/main.go:37.14,40.3 2 0
github.com/suyashkumar/dicom/cmd/dicomutil/main.go:42.2,42.24 1 0
github.com/suyashkumar/dicom/cmd/dicomutil/main.go:42.24,45.17 2 0
github.com/suyashkumar/dicom/cmd/dicomutil/main.go:45.17,48.4 2 0
github.com/suyashkumar/dicom/cmd/dicomutil/main.go:49.3,52.17 3 0
github.com/suyashkumar/dicom/cmd/dicomutil/main.go:52.17,55.4 2 0
github.com/suyashkumar/dicom/cmd/dicomutil/main.go:57.3,58.27 2 0
github.com/suyashkumar/dicom/cmd/dicomutil/main.go:58.27,60.18 2 0
github.com/suyashkumar/dicom/cmd/dicomutil/main.go:60.18,63.5 2 0
github.com/suyashkumar/dicom/cmd/dicomutil/main.go:64.9,66.33 2 0
github.com/suyashkumar/dicom/cmd/dicomutil/main.go:66.33,68.5 1 0
github.com/suyashkumar/dicom/cmd/dicomutil/main.go:69.4,70.18 2 0
github.com/suyashkumar/dicom/cmd/dicomutil/main.go:70.18,73.5 2 0
github.com/suyashkumar/dicom/cmd/dicomutil/main.go:74.4,74.14 1 0
github.com/suyashkumar/dicom/cmd/dicomutil/main.go:77.3,77.17 1 0
github.com/suyashkumar/dicom/cmd/dicomutil/main.go:77.17,80.18 3 0
github.com/suyashkumar/dicom/cmd/dicomutil/main.go:80.18,83.5 2 0
github.com/suyashkumar/dicom/cmd/dicomutil/main.go:84.4,84.26 1 0
github.com/suyashkumar/dicom/cmd/dicomutil/main.go:85.9,90.37 3 0
github.com/suyashkumar/dicom/cmd/dicomutil/main.go:90.37,91.59 1 0
github.com/suyashkumar/dicom/cmd/dicomutil/main.go:91.59,93.6 1 0
github.com/suyashkumar/dicom/cmd/dicomutil/main.go:95.5,95.42 1 0
github.com/suyashkumar/dicom/cmd/dicomutil/main.go:95.42,96.78 1 0
github.com/suyashkumar/dicom/cmd/dicomutil/main.go:96.78,97.66 1 0
github.com/suyashkumar/dicom/cmd/dicomutil/main.go:97.66,98.40 1 0
github.com/suyashkumar/dicom/cmd/dicomutil/main.go:98.40,100.9 1 0
github.com/suyashkumar/dicom/cmd/dicomutil/main.go:111.75,120.16 6 0
github.com/suyashkumar/dicom/cmd/dicomutil/main.go:120.16,122.3 1 0
github.com/suyashkumar/dicom/cmd/dicomutil/main.go:123.2,125.17 2 0
github.com/suyashkumar/dicom/cmd/dicomutil/main.go:129.80,132.28 3 0
github.com/suyashkumar/dicom/cmd/dicomutil/main.go:132.28,136.3 3 0
github.com/suyashkumar/dicom/cmd/dicomutil/main.go:137.2,138.15 2 0
github.com/suyashkumar/dicom/cmd/dicomutil/main.go:141.93,143.16 2 0
github.com/suyashkumar/dicom/cmd/dicomutil/main.go:143.16,146.3 2 0
github.com/suyashkumar/dicom/cmd/dicomutil/main.go:148.2,149.26 2 0
github.com/suyashkumar/dicom/cmd/dicomutil/main.go:149.26,151.3 1 0
github.com/suyashkumar/dicom/cmd/dicomutil/main.go:153.2,155.16 3 0
github.com/suyashkumar/dicom/cmd/dicomutil/main.go:155.16,158.3 2 0
github.com/suyashkumar/dicom/cmd/dicomutil/main.go:160.2,160.26 1 0
github.com/suyashkumar/dicom/cmd/dicomutil/main.go:160.26,164.17 2 0
github.com/suyashkumar/dicom/cmd/dicomutil/main.go:164.17,167.4 2 0
github.com/suyashkumar/dicom/cmd/dicomutil/main.go:168.8,170.17 2 0
github.com/suyashkumar/dicom/cmd/dicomutil/main.go:170.17,173.4 2 0
github.com/suyashkumar/dicom/cmd/dicomutil/main.go:176.2,176.33 1 0
github.com/suyashkumar/dicom/cmd/dicomutil/main.go:176.33,178.3 1 0
github.com/suyashkumar/dicom/cmd/dicomutil/main.go:179.2,181.15 2 0
github.com/suyashkumar/dicom/cmd/dicomutil/main.go:181.15,183.3 1 0
github.com/suyashkumar/dicom/cmd/dicomutil/main.go:186.61,188.39 2 0
github.com/suyashkumar/dicom/cmd/dicomutil/main.go:188.39,190.3 1 0
github.com/suyashkumar/dicom/pkg/frame/encapsulated.go:16.51,16.66 1 1
github.com/suyashkumar/dicom/pkg/frame/encapsulated.go:19.80,21.2 1 1
github.com/suyashkumar/dicom/pkg/frame/encapsulated.go:25.68,27.2 1 1
github.com/suyashkumar/dicom/pkg/frame/encapsulated.go:30.61,36.2 1 1
github.com/suyashkumar/dicom/pkg/frame/encapsulated.go:40.68,41.39 1 1
github.com/suyashkumar/dicom/pkg/frame/encapsulated.go:41.39,43.3 1 1
github.com/suyashkumar/dicom/pkg/frame/encapsulated.go:44.2,44.13 1 1
github.com/suyashkumar/dicom/pkg/frame/frame.go:45.39,45.64 1 1
github.com/suyashkumar/dicom/pkg/frame/frame.go:49.56,50.20 1 1
github.com/suyashkumar/dicom/pkg/frame/frame.go:50.20,52.3 1 1
github.com/suyashkumar/dicom/pkg/frame/frame.go:53.2,53.38 1 0
github.com/suyashkumar/dicom/pkg/frame/frame.go:59.68,60.20 1 1
github.com/suyashkumar/dicom/pkg/frame/frame.go:60.20,62.3 1 1
github.com/suyashkumar/dicom/pkg/frame/frame.go:63.2,63.44 1 0
github.com/suyashkumar/dicom/pkg/frame/frame.go:68.49,69.20 1 1
github.com/suyashkumar/dicom/pkg/frame/frame.go:69.20,71.3 1 1
github.com/suyashkumar/dicom/pkg/frame/frame.go:72.2,72.32 1 0
github.com/suyashkumar/dicom/pkg/frame/frame.go:77.44,78.31 1 1
github.com/suyashkumar/dicom/pkg/frame/frame.go:78.31,80.3 1 1
github.com/suyashkumar/dicom/pkg/frame/frame.go:81.2,81.43 1 1
github.com/suyashkumar/dicom/pkg/frame/frame.go:81.43,83.3 1 1
github.com/suyashkumar/dicom/pkg/frame/frame.go:84.2,84.76 1 1
github.com/suyashkumar/dicom/pkg/frame/frame.go:84.76,86.3 1 1
github.com/suyashkumar/dicom/pkg/frame/frame.go:87.2,87.64 1 0
github.com/suyashkumar/dicom/pkg/frame/frame.go:87.64,89.3 1 0
github.com/suyashkumar/dicom/pkg/frame/frame.go:90.2,90.13 1 0
github.com/suyashkumar/dicom/pkg/frame/native.go:77.124,85.2 1 0
github.com/suyashkumar/dicom/pkg/frame/native.go:88.37,88.62 1 1
github.com/suyashkumar/dicom/pkg/frame/native.go:92.37,92.62 1 1
github.com/suyashkumar/dicom/pkg/frame/native.go:95.46,95.80 1 1
github.com/suyashkumar/dicom/pkg/frame/native.go:98.48,98.84 1 1
github.com/suyashkumar/dicom/pkg/frame/native.go:110.60,111.66 1 1
github.com/suyashkumar/dicom/pkg/frame/native.go:111.66,113.3 1 1
github.com/suyashkumar/dicom/pkg/frame/native.go:114.2,116.49 3 1
github.com/suyashkumar/dicom/pkg/frame/native.go:116.49,118.3 1 1
github.com/suyashkumar/dicom/pkg/frame/native.go:119.2,119.18 1 1
github.com/suyashkumar/dicom/pkg/frame/native.go:123.61,126.2 2 1
github.com/suyashkumar/dicom/pkg/frame/native.go:136.45,136.65 1 1
github.com/suyashkumar/dicom/pkg/frame/native.go:139.48,139.64 1 0
github.com/suyashkumar/dicom/pkg/frame/native.go:143.65,145.2 1 0
github.com/suyashkumar/dicom/pkg/frame/native.go:149.77,151.2 1 1
github.com/suyashkumar/dicom/pkg/frame/native.go:156.58,157.36 1 1
github.com/suyashkumar/dicom/pkg/frame/native.go:157.36,159.3 1 1
github.com/suyashkumar/dicom/pkg/frame/native.go:160.2,161.44 2 1
github.com/suyashkumar/dicom/pkg/frame/native.go:161.44,163.3 1 1
github.com/suyashkumar/dicom/pkg/frame/native.go:164.2,164.15 1 1
github.com/suyashkumar/dicom/pkg/frame/native.go:169.59,170.31 1 1
github.com/suyashkumar/dicom/pkg/frame/native.go:170.31,172.3 1 0
github.com/suyashkumar/dicom/pkg/frame/native.go:173.2,176.51 1 1
github.com/suyashkumar/dicom/pkg/frame/native.go:176.51,178.3 1 1
github.com/suyashkumar/dicom/pkg/frame/native.go:182.2,183.9 2 1
github.com/suyashkumar/dicom/pkg/frame/native.go:183.9,185.3 1 0
github.com/suyashkumar/dicom/pkg/frame/native.go:188.2,188.43 1 1
github.com/suyashkumar/dicom/pkg/frame/native.go:188.43,189.45 1 1
github.com/suyashkumar/dicom/pkg/frame/native.go:189.45,191.4 1 1
github.com/suyashkumar/dicom/pkg/frame/native.go:194.2,194.13 1 1
github.com/suyashkumar/dicom/pkg/dcmtime/common.go:21.66,23.2 1 1
github.com/suyashkumar/dicom/pkg/dcmtime/common.go:26.86,32.2 4 1
github.com/suyashkumar/dicom/pkg/dcmtime/common.go:51.96,56.30 2 1
github.com/suyashkumar/dicom/pkg/dcmtime/common.go:56.30,58.3 1 0
github.com/suyashkumar/dicom/pkg/dcmtime/common.go:61.2,65.20 2 1
github.com/suyashkumar/dicom/pkg/dcmtime/common.go:65.20,68.3 1 1
github.com/suyashkumar/dicom/pkg/dcmtime/common.go:72.2,72.39 1 1
github.com/suyashkumar/dicom/pkg/dcmtime/common.go:72.39,79.3 3 1
github.com/suyashkumar/dicom/pkg/dcmtime/common.go:82.2,82.26 1 1
github.com/suyashkumar/dicom/pkg/dcmtime/common.go:82.26,85.17 3 1
github.com/suyashkumar/dicom/pkg/dcmtime/common.go:85.17,87.4 1 0
github.com/suyashkumar/dicom/pkg/dcmtime/common.go:90.2,90.18 1 1
github.com/suyashkumar/dicom/pkg/dcmtime/common.go:99.109,101.27 1 1
github.com/suyashkumar/dicom/pkg/dcmtime/common.go:101.27,103.3 1 1
github.com/suyashkumar/dicom/pkg/dcmtime/common.go:105.2,105.17 1 1
github.com/suyashkumar/dicom/pkg/dcmtime/common.go:105.17,107.3 1 1
github.com/suyashkumar/dicom/pkg/dcmtime/common.go:108.2,108.18 1 1
github.com/suyashkumar/dicom/pkg/dcmtime/date.go:27.29,32.47 4 1
github.com/suyashkumar/dicom/pkg/dcmtime/date.go:32.47,34.3 1 1
github.com/suyashkumar/dicom/pkg/dcmtime/date.go:37.2,37.15 1 1
github.com/suyashkumar/dicom/pkg/dcmtime/date.go:37.15,39.3 1 1
github.com/suyashkumar/dicom/pkg/dcmtime/date.go:41.2,42.45 2 1
github.com/suyashkumar/dicom/pkg/dcmtime/date.go:42.45,44.3 1 1
github.com/suyashkumar/dicom/pkg/dcmtime/date.go:46.2,46.15 1 1
github.com/suyashkumar/dicom/pkg/dcmtime/date.go:46.15,48.3 1 1
github.com/suyashkumar/dicom/pkg/dcmtime/date.go:50.2,51.25 2 1
github.com/suyashkumar/dicom/pkg/dcmtime/date.go:55.32,58.47 3 1
github.com/suyashkumar/dicom/pkg/dcmtime/date.go:58.47,60.3 1 1
github.com/suyashkumar/dicom/pkg/dcmtime/date.go:62.2,63.45 2 1
github.com/suyashkumar/dicom/pkg/dcmtime/date.go:63.45,65.3 1 1
github.com/suyashkumar/dicom/pkg/dcmtime/date.go:67.2,68.25 2 1
github.com/suyashkumar/dicom/pkg/dcmtime/date.go:103.3,105.11 2 1
github.com/suyashkumar/dicom/pkg/dcmtime/date.go:105.11,107.3 1 1
github.com/suyashkumar/dicom/pkg/dcmtime/date.go:110.2,111.16 2 1
github.com/suyashkumar/dicom/pkg/dcmtime/date.go:111.16,113.3 1 0
github.com/suyashkumar/dicom/pkg/dcmtime/date.go:114.2,117.16 3 1
github.com/suyashkumar/dicom/pkg/dcmtime/date.go:117.16,119.3 1 0
github.com/suyashkumar/dicom/pkg/dcmtime/date.go:122.2,122.28 1 1
github.com/suyashkumar/dicom/pkg/dcmtime/date.go:122.28,124.3 1 1
github.com/suyashkumar/dicom/pkg/dcmtime/date.go:125.2,128.16 3 1
github.com/suyashkumar/dicom/pkg/dcmtime/date.go:128.16,130.3 1 0
github.com/suyashkumar/dicom/pkg/dcmtime/date.go:133.2,133.26 1 1
github.com/suyashkumar/dicom/pkg/dcmtime/date.go:133.26,135.3 1 1
github.com/suyashkumar/dicom/pkg/dcmtime/date.go:136.2,138.44 2 1
github.com/suyashkumar/dicom/pkg/dcmtime/date.go:142.47,150.23 3 1
github.com/suyashkumar/dicom/pkg/dcmtime/date.go:150.23,153.3 2 1
github.com/suyashkumar/dicom/pkg/dcmtime/date.go:156.2,156.23 1 1
github.com/suyashkumar/dicom/pkg/dcmtime/date.go:156.23,158.3 1 1
github.com/suyashkumar/dicom/pkg/dcmtime/date.go:160.2,161.16 2 1
github.com/suyashkumar/dicom/pkg/dcmtime/date.go:161.16,163.3 1 0
github.com/suyashkumar/dicom/pkg/dcmtime/date.go:166.2,172.8 2 1
github.com/suyashkumar/dicom/pkg/dcmtime/datetime.go:27.33,35.46 3 1
github.com/suyashkumar/dicom/pkg/dcmtime/datetime.go:35.46,37.3 1 1
github.com/suyashkumar/dicom/pkg/dcmtime/datetime.go:40.2,40.17 1 1
github.com/suyashkumar/dicom/pkg/dcmtime/datetime.go:40.17,42.3 1 1
github.com/suyashkumar/dicom/pkg/dcmtime/datetime.go:45.2,47.25 2 1
github.com/suyashkumar/dicom/pkg/dcmtime/datetime.go:51.36,59.46 3 1
github.com/suyashkumar/dicom/pkg/dcmtime/datetime.go:59.46,62.3 2 1
github.com/suyashkumar/dicom/pkg/dcmtime/datetime.go:65.2,65.17 1 1
github.com/suyashkumar/dicom/pkg/dcmtime/datetime.go:65.17,67.3 1 1
github.com/suyashkumar/dicom/pkg/dcmtime/datetime.go:70.2,72.25 2 1
github.com/suyashkumar/dicom/pkg/dcmtime/datetime.go:77.55,79.23 2 1
github.com/suyashkumar/dicom/pkg/dcmtime/datetime.go:79.23,81.3 1 1
github.com/suyashkumar/dicom/pkg/dcmtime/datetime.go:83.2,84.16 2 1
github.com/suyashkumar/dicom/pkg/dcmtime/datetime.go:84.16,86.3 1 0
github.com/suyashkumar/dicom/pkg/dcmtime/datetime.go:88.2,91.16 2 1
github.com/suyashkumar/dicom/pkg/dcmtime/datetime.go:91.16,93.3 1 0
github.com/suyashkumar/dicom/pkg/dcmtime/datetime.go:95.2,98.16 3 1
github.com/suyashkumar/dicom/pkg/dcmtime/datetime.go:98.16,100.3 1 0
github.com/suyashkumar/dicom/pkg/dcmtime/datetime.go:103.2,103.33 1 1
github.com/suyashkumar/dicom/pkg/dcmtime/datetime.go:103.33,105.3 1 1
github.com/suyashkumar/dicom/pkg/dcmtime/datetime.go:107.2,108.16 2 1
github.com/suyashkumar/dicom/pkg/dcmtime/datetime.go:108.16,110.3 1 0
github.com/suyashkumar/dicom/pkg/dcmtime/datetime.go:112.2,114.44 2 1
github.com/suyashkumar/dicom/pkg/dcmtime/datetime.go:114.44,116.3 1 1
github.com/suyashkumar/dicom/pkg/dcmtime/datetime.go:119.2,137.8 3 1
github.com/suyashkumar/dicom/pkg/dcmtime/precision.go:16.45,17.15 1 1
github.com/suyashkumar/dicom/pkg/dcmtime/precision.go:18.21,19.16 1 1
github.com/suyashkumar/dicom/pkg/dcmtime/precision.go:20.21,21.16 1 1
github.com/suyashkumar/dicom/pkg/dcmtime/precision.go:22.22,23.17 1 1
github.com/suyashkumar/dicom/pkg/dcmtime/precision.go:24.20,25.15 1 1
github.com/suyashkumar/dicom/pkg/dcmtime/precision.go:26.22,27.17 1 1
github.com/suyashkumar/dicom/pkg/dcmtime/precision.go:28.24,29.19 1 1
github.com/suyashkumar/dicom/pkg/dcmtime/precision.go:30.24,31.19 1 1
github.com/suyashkumar/dicom/pkg/dcmtime/precision.go:32.20,33.15 1 1
github.com/suyashkumar/dicom/pkg/dcmtime/precision.go:34.20,35.15 1 1
github.com/suyashkumar/dicom/pkg/dcmtime/precision.go:36.20,37.15 1 1
github.com/suyashkumar/dicom/pkg/dcmtime/precision.go:38.20,39.15 1 1
github.com/suyashkumar/dicom/pkg/dcmtime/precision.go:40.20,41.15 1 1
github.com/suyashkumar/dicom/pkg/dcmtime/precision.go:42.10,43.24 1 1
github.com/suyashkumar/dicom/pkg/dcmtime/time.go:23.29,27.49 3 1
github.com/suyashkumar/dicom/pkg/dcmtime/time.go:27.49,29.3 1 1
github.com/suyashkumar/dicom/pkg/dcmtime/time.go:31.2,32.49 2 1
github.com/suyashkumar/dicom/pkg/dcmtime/time.go:32.49,34.3 1 1
github.com/suyashkumar/dicom/pkg/dcmtime/time.go:36.2,37.45 2 1
github.com/suyashkumar/dicom/pkg/dcmtime/time.go:37.45,39.3 1 1
github.com/suyashkumar/dicom/pkg/dcmtime/time.go:41.2,44.25 3 1
github.com/suyashkumar/dicom/pkg/dcmtime/time.go:48.32,52.49 3 1
github.com/suyashkumar/dicom/pkg/dcmtime/time.go:52.49,54.3 1 1
github.com/suyashkumar/dicom/pkg/dcmtime/time.go:56.2,57.49 2 1
github.com/suyashkumar/dicom/pkg/dcmtime/time.go:57.49,59.3 1 1
github.com/suyashkumar/dicom/pkg/dcmtime/time.go:61.2,62.45 2 1
github.com/suyashkumar/dicom/pkg/dcmtime/time.go:62.45,64.3 1 1
github.com/suyashkumar/dicom/pkg/dcmtime/time.go:66.2,69.25 3 1
github.com/suyashkumar/dicom/pkg/dcmtime/time.go:107.3,109.11 2 1
github.com/suyashkumar/dicom/pkg/dcmtime/time.go:109.11,111.3 1 1
github.com/suyashkumar/dicom/pkg/dcmtime/time.go:113.2,114.16 2 1
github.com/suyashkumar/dicom/pkg/dcmtime/time.go:114.16,116.3 1 0
github.com/suyashkumar/dicom/pkg/dcmtime/time.go:117.2,120.16 3 1
github.com/suyashkumar/dicom/pkg/dcmtime/time.go:120.16,122.3 1 0
github.com/suyashkumar/dicom/pkg/dcmtime/time.go:123.2,126.16 3 1
github.com/suyashkumar/dicom/pkg/dcmtime/time.go:126.16,128.3 1 0
github.com/suyashkumar/dicom/pkg/dcmtime/time.go:129.2,132.16 3 1
github.com/suyashkumar/dicom/pkg/dcmtime/time.go:132.16,134.3 1 0
github.com/suyashkumar/dicom/pkg/dcmtime/time.go:136.2,136.27 1 1
github.com/suyashkumar/dicom/pkg/dcmtime/time.go:136.27,138.3 1 1
github.com/suyashkumar/dicom/pkg/dcmtime/time.go:140.2,140.58 1 1
github.com/suyashkumar/dicom/pkg/dcmtime/time.go:144.47,147.23 2 1
github.com/suyashkumar/dicom/pkg/dcmtime/time.go:147.23,149.3 1 1
github.com/suyashkumar/dicom/pkg/dcmtime/time.go:151.2,154.16 2 1
github.com/suyashkumar/dicom/pkg/dcmtime/time.go:154.16,156.3 1 0
github.com/suyashkumar/dicom/pkg/dcmtime/time.go:159.2,176.8 2 1
github.com/suyashkumar/dicom/pkg/charset/charset.go:81.78,83.37 2 1
github.com/suyashkumar/dicom/pkg/charset/charset.go:83.37,85.51 2 1
github.com/suyashkumar/dicom/pkg/charset/charset.go:85.51,88.4 1 1
github.com/suyashkumar/dicom/pkg/charset/charset.go:88.9,89.22 1 1
github.com/suyashkumar/dicom/pkg/charset/charset.go:89.22,91.19 2 1
github.com/suyashkumar/dicom/pkg/charset/charset.go:91.19,92.79 1 1
github.com/suyashkumar/dicom/pkg/charset/charset.go:94.5,94.23 1 1
github.com/suyashkumar/dicom/pkg/charset/charset.go:97.3,97.33 1 1
github.com/suyashkumar/dicom/pkg/charset/charset.go:99.2,99.24 1 1
github.com/suyashkumar/dicom/pkg/charset/charset.go:99.24,101.3 1 1
github.com/suyashkumar/dicom/pkg/charset/charset.go:102.2,102.24 1 1
github.com/suyashkumar/dicom/pkg/charset/charset.go:102.24,104.3 1 1
github.com/suyashkumar/dicom/pkg/charset/charset.go:105.2,105.24 1 1
github.com/suyashkumar/dicom/pkg/charset/charset.go:105.24,107.3 1 0
github.com/suyashkumar/dicom/pkg/charset/charset.go:108.2,108.65 1 1
github.com/suyashkumar/dicom/dataset.go:30.67,31.31 1 1
github.com/suyashkumar/dicom/dataset.go:31.31,32.19 1 1
github.com/suyashkumar/dicom/dataset.go:32.19,34.4 1 1
github.com/suyashkumar/dicom/dataset.go:36.2,36.84 1 1
github.com/suyashkumar/dicom/dataset.go:39.68,41.16 2 1
github.com/suyashkumar/dicom/dataset.go:41.16,43.3 1 1
github.com/suyashkumar/dicom/dataset.go:44.2,45.28 2 1
github.com/suyashkumar/dicom/dataset.go:45.28,47.3 1 0
github.com/suyashkumar/dicom/dataset.go:48.2,49.54 2 1
github.com/suyashkumar/dicom/dataset.go:54.73,55.34 1 0
github.com/suyashkumar/dicom/dataset.go:55.34,56.19 1 0
github.com/suyashkumar/dicom/dataset.go:56.19,58.4 1 0
github.com/suyashkumar/dicom/dataset.go:60.2,60.84 1 0
github.com/suyashkumar/dicom/dataset.go:86.50,88.12 2 1
github.com/suyashkumar/dicom/dataset.go:88.12,91.3 2 1
github.com/suyashkumar/dicom/dataset.go:92.2,92.17 1 1
github.com/suyashkumar/dicom/dataset.go:102.47,103.14 1 1
github.com/suyashkumar/dicom/dataset.go:103.15,104.3 0 1
github.com/suyashkumar/dicom/dataset.go:107.71,108.29 1 1
github.com/suyashkumar/dicom/dataset.go:108.29,109.42 1 1
github.com/suyashkumar/dicom/dataset.go:109.42,111.73 2 1
github.com/suyashkumar/dicom/dataset.go:111.73,113.5 1 1
github.com/suyashkumar/dicom/dataset.go:114.4,114.12 1 1
github.com/suyashkumar/dicom/dataset.go:116.3,116.19 1 1
github.com/suyashkumar/dicom/dataset.go:127.46,129.2 1 1
github.com/suyashkumar/dicom/dataset.go:132.47,136.2 3 1
github.com/suyashkumar/dicom/dataset.go:150.63,152.2 1 1
github.com/suyashkumar/dicom/dataset.go:154.59,156.36 2 1
github.com/suyashkumar/dicom/dataset.go:156.36,157.42 1 1
github.com/suyashkumar/dicom/dataset.go:157.42,159.73 2 1
github.com/suyashkumar/dicom/dataset.go:159.73,161.5 1 1
github.com/suyashkumar/dicom/dataset.go:162.4,162.12 1 1
github.com/suyashkumar/dicom/dataset.go:164.3,164.34 1 1
github.com/suyashkumar/dicom/dataset.go:166.2,166.16 1 1
github.com/suyashkumar/dicom/dataset.go:171.35,174.46 3 1
github.com/suyashkumar/dicom/dataset.go:174.46,177.55 3 1
github.com/suyashkumar/dicom/dataset.go:177.55,179.4 1 1
github.com/suyashkumar/dicom/dataset.go:181.3,188.46 8 1
github.com/suyashkumar/dicom/dataset.go:190.2,190.19 1 1
github.com/suyashkumar/dicom/dataset.go:195.48,196.31 1 1
github.com/suyashkumar/dicom/dataset.go:196.31,198.3 1 0
github.com/suyashkumar/dicom/dataset.go:199.2,199.33 1 1
github.com/suyashkumar/dicom/dataset.go:199.33,200.38 1 1
github.com/suyashkumar/dicom/dataset.go:200.38,202.4 1 0
github.com/suyashkumar/dicom/dataset.go:204.2,204.13 1 1
github.com/suyashkumar/dicom/dataset.go:213.68,215.12 2 1
github.com/suyashkumar/dicom/dataset.go:215.12,218.3 2 1
github.com/suyashkumar/dicom/dataset.go:219.2,219.17 1 1
github.com/suyashkumar/dicom/dataset.go:222.107,223.29 1 1
github.com/suyashkumar/dicom/dataset.go:223.29,224.42 1 1
github.com/suyashkumar/dicom/dataset.go:224.42,226.73 2 0
github.com/suyashkumar/dicom/dataset.go:226.73,228.5 1 0
github.com/suyashkumar/dicom/dataset.go:229.4,229.12 1 0
github.com/suyashkumar/dicom/dataset.go:231.3,231.51 1 1
github.com/suyashkumar/dicom/dataset.go:235.36,238.35 3 1
github.com/suyashkumar/dicom/dataset.go:238.35,240.3 1 0
github.com/suyashkumar/dicom/dataset.go:241.2,241.19 1 1
github.com/suyashkumar/dicom/element.go:30.48,31.31 1 1
github.com/suyashkumar/dicom/element.go:31.31,33.3 1 1
github.com/suyashkumar/dicom/element.go:34.2,37.55 1 1
github.com/suyashkumar/dicom/element.go:37.55,39.3 1 0
github.com/suyashkumar/dicom/element.go:40.2,40.35 1 1
github.com/suyashkumar/dicom/element.go:40.35,42.3 1 1
github.com/suyashkumar/dicom/element.go:43.2,43.13 1 1
github.com/suyashkumar/dicom/element.go:46.35,48.49 2 1
github.com/suyashkumar/dicom/element.go:48.49,50.3 1 1
github.com/suyashkumar/dicom/element.go:51.2,57.20 1 1
github.com/suyashkumar/dicom/element.go:110.40,111.21 1 1
github.com/suyashkumar/dicom/element.go:112.13,113.46 1 1
github.com/suyashkumar/dicom/element.go:114.16,115.52 1 1
github.com/suyashkumar/dicom/element.go:116.14,117.48 1 1
github.com/suyashkumar/dicom/element.go:118.21,119.67 1 1
github.com/suyashkumar/dicom/element.go:120.17,121.52 1 1
github.com/suyashkumar/dicom/element.go:122.20,125.30 3 1
github.com/suyashkumar/dicom/element.go:125.30,127.4 1 1
github.com/suyashkumar/dicom/element.go:128.3,128.52 1 1
github.com/suyashkumar/dicom/element.go:129.10,130.97 1 1
github.com/suyashkumar/dicom/element.go:134.35,136.16 2 1
github.com/suyashkumar/dicom/element.go:136.16,137.13 1 0
github.com/suyashkumar/dicom/element.go:139.2,139.10 1 1
github.com/suyashkumar/dicom/element.go:145.56,147.16 2 1
github.com/suyashkumar/dicom/element.go:147.16,149.3 1 0
github.com/suyashkumar/dicom/element.go:150.2,151.24 2 1
github.com/suyashkumar/dicom/element.go:151.24,153.3 1 1
github.com/suyashkumar/dicom/element.go:154.2,155.16 2 1
github.com/suyashkumar/dicom/element.go:155.16,157.3 1 0
github.com/suyashkumar/dicom/element.go:159.2,164.8 1 1
github.com/suyashkumar/dicom/element.go:167.51,169.16 2 1
github.com/suyashkumar/dicom/element.go:169.16,171.3 1 0
github.com/suyashkumar/dicom/element.go:172.2,172.13 1 1
github.com/suyashkumar/dicom/element.go:175.72,177.16 2 1
github.com/suyashkumar/dicom/element.go:177.16,179.3 1 0
github.com/suyashkumar/dicom/element.go:181.2,187.3 1 1
github.com/suyashkumar/dicom/element.go:220.45,220.46 0 0
github.com/suyashkumar/dicom/element.go:221.44,221.60 1 1
github.com/suyashkumar/dicom/element.go:222.44,222.62 1 1
github.com/suyashkumar/dicom/element.go:223.38,225.2 1 0
github.com/suyashkumar/dicom/element.go:226.52,228.2 1 0
github.com/suyashkumar/dicom/element.go:230.48,231.33 1 1
github.com/suyashkumar/dicom/element.go:231.33,233.3 1 0
github.com/suyashkumar/dicom/element.go:234.2,234.55 1 1
github.com/suyashkumar/dicom/element.go:234.55,236.3 1 1
github.com/suyashkumar/dicom/element.go:237.2,237.13 1 1
github.com/suyashkumar/dicom/element.go:245.47,245.48 0 0
github.com/suyashkumar/dicom/element.go:246.46,246.64 1 1
github.com/suyashkumar/dicom/element.go:247.46,247.64 1 1
github.com/suyashkumar/dicom/element.go:248.40,250.2 1 0
github.com/suyashkumar/dicom/element.go:251.54,253.2 1 1
github.com/suyashkumar/dicom/element.go:255.50,256.35 1 1
github.com/suyashkumar/dicom/element.go:256.35,258.3 1 0
github.com/suyashkumar/dicom/element.go:259.2,260.36 2 1
github.com/suyashkumar/dicom/element.go:260.36,262.3 1 1
github.com/suyashkumar/dicom/element.go:263.2,263.32 1 1
github.com/suyashkumar/dicom/element.go:263.32,264.28 1 1
github.com/suyashkumar/dicom/element.go:264.28,266.4 1 1
github.com/suyashkumar/dicom/element.go:268.2,268.13 1 1
github.com/suyashkumar/dicom/element.go:276.44,276.45 0 0
github.com/suyashkumar/dicom/element.go:277.43,277.58 1 1
github.com/suyashkumar/dicom/element.go:278.43,278.61 1 1
github.com/suyashkumar/dicom/element.go:279.37,281.2 1 1
github.com/suyashkumar/dicom/element.go:282.51,284.2 1 0
github.com/suyashkumar/dicom/element.go:286.47,287.32 1 1
github.com/suyashkumar/dicom/element.go:287.32,289.3 1 0
github.com/suyashkumar/dicom/element.go:290.2,291.36 2 1
github.com/suyashkumar/dicom/element.go:291.36,293.3 1 1
github.com/suyashkumar/dicom/element.go:294.2,294.32 1 1
github.com/suyashkumar/dicom/element.go:294.32,295.28 1 1
github.com/suyashkumar/dicom/element.go:295.28,297.4 1 1
github.com/suyashkumar/dicom/element.go:299.2,299.13 1 1
github.com/suyashkumar/dicom/element.go:307.46,307.47 0 0
github.com/suyashkumar/dicom/element.go:308.45,308.62 1 1
github.com/suyashkumar/dicom/element.go:309.45,309.63 1 1
github.com/suyashkumar/dicom/element.go:310.39,312.2 1 0
github.com/suyashkumar/dicom/element.go:313.53,315.2 1 0
github.com/suyashkumar/dicom/element.go:316.49,317.34 1 1
github.com/suyashkumar/dicom/element.go:317.34,319.3 1 0
github.com/suyashkumar/dicom/element.go:320.2,321.36 2 1
github.com/suyashkumar/dicom/element.go:321.36,323.3 1 1
github.com/suyashkumar/dicom/element.go:324.2,324.32 1 1
github.com/suyashkumar/dicom/element.go:324.32,325.28 1 1
github.com/suyashkumar/dicom/element.go:325.28,327.4 1 1
github.com/suyashkumar/dicom/element.go:329.2,329.13 1 1
github.com/suyashkumar/dicom/element.go:339.47,339.48 0 0
github.com/suyashkumar/dicom/element.go:343.51,343.74 1 1
github.com/suyashkumar/dicom/element.go:348.44,348.65 1 1
github.com/suyashkumar/dicom/element.go:351.45,354.2 1 0
github.com/suyashkumar/dicom/element.go:357.59,359.2 1 1
github.com/suyashkumar/dicom/element.go:361.55,362.40 1 1
github.com/suyashkumar/dicom/element.go:362.40,364.3 1 0
github.com/suyashkumar/dicom/element.go:365.2,366.39 2 1
github.com/suyashkumar/dicom/element.go:366.39,368.3 1 0
github.com/suyashkumar/dicom/element.go:369.2,369.35 1 1
github.com/suyashkumar/dicom/element.go:369.35,370.34 1 1
github.com/suyashkumar/dicom/element.go:370.34,372.4 1 1
github.com/suyashkumar/dicom/element.go:374.2,374.13 1 1
github.com/suyashkumar/dicom/element.go:382.49,382.50 0 0
github.com/suyashkumar/dicom/element.go:383.48,383.68 1 1
github.com/suyashkumar/dicom/element.go:384.48,384.66 1 1
github.com/suyashkumar/dicom/element.go:385.42,388.2 1 0
github.com/suyashkumar/dicom/element.go:389.56,391.2 1 1
github.com/suyashkumar/dicom/element.go:392.52,393.37 1 1
github.com/suyashkumar/dicom/element.go:393.37,395.3 1 0
github.com/suyashkumar/dicom/element.go:396.2,397.36 2 1
github.com/suyashkumar/dicom/element.go:397.36,399.3 1 0
github.com/suyashkumar/dicom/element.go:400.2,400.32 1 1
github.com/suyashkumar/dicom/element.go:400.32,401.34 1 1
github.com/suyashkumar/dicom/element.go:401.34,403.4 1 1
github.com/suyashkumar/dicom/element.go:405.2,405.13 1 1
github.com/suyashkumar/dicom/element.go:445.49,445.50 0 0
github.com/suyashkumar/dicom/element.go:446.48,446.68 1 1
github.com/suyashkumar/dicom/element.go:447.48,447.74 1 1
github.com/suyashkumar/dicom/element.go:448.42,449.24 1 0
github.com/suyashkumar/dicom/element.go:449.24,451.3 1 0
github.com/suyashkumar/dicom/element.go:452.2,452.22 1 0
github.com/suyashkumar/dicom/element.go:452.22,454.3 1 0
github.com/suyashkumar/dicom/element.go:455.2,455.23 1 0
github.com/suyashkumar/dicom/element.go:455.23,457.3 1 0
github.com/suyashkumar/dicom/element.go:458.2,458.142 1 0
github.com/suyashkumar/dicom/element.go:461.56,463.2 1 0
github.com/suyashkumar/dicom/element.go:464.52,465.37 1 1
github.com/suyashkumar/dicom/element.go:465.37,467.3 1 0
github.com/suyashkumar/dicom/element.go:468.2,473.72 2 1
github.com/suyashkumar/dicom/element.go:473.72,475.3 1 0
github.com/suyashkumar/dicom/element.go:476.2,477.42 2 1
github.com/suyashkumar/dicom/element.go:477.42,479.3 1 0
github.com/suyashkumar/dicom/element.go:480.2,480.33 1 1
github.com/suyashkumar/dicom/element.go:480.33,481.39 1 1
github.com/suyashkumar/dicom/element.go:481.39,483.4 1 1
github.com/suyashkumar/dicom/element.go:485.2,485.13 1 1
github.com/suyashkumar/dicom/element.go:490.33,491.27 1 1
github.com/suyashkumar/dicom/element.go:491.27,493.3 1 0
github.com/suyashkumar/dicom/element.go:494.2,494.29 1 1
github.com/suyashkumar/dicom/element.go:499.39,500.30 1 1
github.com/suyashkumar/dicom/element.go:500.30,502.3 1 0
github.com/suyashkumar/dicom/element.go:503.2,503.32 1 1
github.com/suyashkumar/dicom/element.go:508.35,509.28 1 0
github.com/suyashkumar/dicom/element.go:509.28,511.3 1 0
github.com/suyashkumar/dicom/element.go:512.2,512.30 1 0
github.com/suyashkumar/dicom/element.go:517.39,518.29 1 1
github.com/suyashkumar/dicom/element.go:518.29,520.3 1 0
github.com/suyashkumar/dicom/element.go:521.2,521.33 1 1
github.com/suyashkumar/dicom/element.go:526.50,527.32 1 1
github.com/suyashkumar/dicom/element.go:527.32,529.3 1 0
github.com/suyashkumar/dicom/element.go:530.2,530.37 1 1
github.com/suyashkumar/dicom/parse.go:60.112,62.2 1 1
github.com/suyashkumar/dicom/parse.go:64.101,66.2 1 1
github.com/suyashkumar/dicom/parse.go:70.120,72.16 2 1
github.com/suyashkumar/dicom/parse.go:72.16,74.3 1 0
github.com/suyashkumar/dicom/parse.go:76.2,76.45 1 1
github.com/suyashkumar/dicom/parse.go:76.45,78.17 2 1
github.com/suyashkumar/dicom/parse.go:78.17,79.30 1 1
github.com/suyashkumar/dicom/parse.go:79.30,82.10 2 1
github.com/suyashkumar/dicom/parse.go:86.4,86.25 1 0
github.com/suyashkumar/dicom/parse.go:91.2,91.27 1 1
github.com/suyashkumar/dicom/parse.go:91.27,93.3 1 0
github.com/suyashkumar/dicom/parse.go:94.2,94.23 1 1
github.com/suyashkumar/dicom/parse.go:99.100,101.16 2 1
github.com/suyashkumar/dicom/parse.go:101.16,103.3 1 0
github.com/suyashkumar/dicom/parse.go:104.2,107.16 3 1
github.com/suyashkumar/dicom/parse.go:107.16,109.3 1 0
github.com/suyashkumar/dicom/parse.go:111.2,111.50 1 1
github.com/suyashkumar/dicom/parse.go:131.119,143.45 5 1
github.com/suyashkumar/dicom/parse.go:143.45,146.17 3 1
github.com/suyashkumar/dicom/parse.go:146.17,148.4 1 0
github.com/suyashkumar/dicom/parse.go:149.3,149.46 1 1
github.com/suyashkumar/dicom/parse.go:152.2,163.16 6 1
github.com/suyashkumar/dicom/parse.go:163.16,167.17 3 1
github.com/suyashkumar/dicom/parse.go:167.17,171.4 1 0
github.com/suyashkumar/dicom/parse.go:172.3,172.50 1 1
github.com/suyashkumar/dicom/parse.go:172.50,174.4 1 1
github.com/suyashkumar/dicom/parse.go:175.3,176.17 2 1
github.com/suyashkumar/dicom/parse.go:181.2,182.28 2 1
github.com/suyashkumar/dicom/parse.go:182.28,185.3 1 0
github.com/suyashkumar/dicom/parse.go:187.2,209.34 2 1
github.com/suyashkumar/dicom/parse.go:209.34,210.75 1 1
github.com/suyashkumar/dicom/parse.go:210.75,214.4 3 1
github.com/suyashkumar/dicom/parse.go:218.2,218.160 1 0
github.com/suyashkumar/dicom/parse.go:221.103,229.16 5 1
github.com/suyashkumar/dicom/parse.go:229.16,231.3 1 1
github.com/suyashkumar/dicom/parse.go:232.2,232.14 1 1
github.com/suyashkumar/dicom/parse.go:236.43,237.28 1 1
github.com/suyashkumar/dicom/parse.go:237.28,239.28 1 0
github.com/suyashkumar/dicom/parse.go:239.28,241.4 1 0
github.com/suyashkumar/dicom/parse.go:242.3,242.30 1 0
github.com/suyashkumar/dicom/parse.go:244.2,245.16 2 1
github.com/suyashkumar/dicom/parse.go:245.16,248.3 1 1
github.com/suyashkumar/dicom/parse.go:252.2,252.42 1 1
github.com/suyashkumar/dicom/parse.go:252.42,255.17 3 1
github.com/suyashkumar/dicom/parse.go:255.17,259.4 1 0
github.com/suyashkumar/dicom/parse.go:260.3,260.41 1 1
github.com/suyashkumar/dicom/parse.go:263.2,264.18 2 1
github.com/suyashkumar/dicom/parse.go:270.40,272.2 1 1
github.com/suyashkumar/dicom/parse.go:275.72,277.2 1 1
github.com/suyashkumar/dicom/parse.go:291.53,293.27 2 1
github.com/suyashkumar/dicom/parse.go:293.27,295.3 1 1
github.com/suyashkumar/dicom/parse.go:296.2,296.15 1 1
github.com/suyashkumar/dicom/parse.go:300.49,301.32 1 0
github.com/suyashkumar/dicom/parse.go:301.32,303.3 1 0
github.com/suyashkumar/dicom/parse.go:308.55,309.32 1 1
github.com/suyashkumar/dicom/parse.go:309.32,311.3 1 1
github.com/suyashkumar/dicom/parse.go:316.52,317.32 1 1
github.com/suyashkumar/dicom/parse.go:317.32,319.3 1 1
github.com/suyashkumar/dicom/parse.go:330.34,331.32 1 1
github.com/suyashkumar/dicom/parse.go:331.32,333.3 1 1
github.com/suyashkumar/dicom/parse.go:346.49,347.32 1 1
github.com/suyashkumar/dicom/parse.go:347.32,349.3 1 1
github.com/suyashkumar/dicom/read.go:47.46,51.32 3 1
github.com/suyashkumar/dicom/read.go:51.32,53.3 1 1
github.com/suyashkumar/dicom/read.go:55.2,55.74 1 1
github.com/suyashkumar/dicom/read.go:59.69,60.16 1 1
github.com/suyashkumar/dicom/read.go:60.16,61.44 1 1
github.com/suyashkumar/dicom/read.go:61.44,62.21 1 1
github.com/suyashkumar/dicom/read.go:63.40,67.21 1 1
github.com/suyashkumar/dicom/read.go:68.12,69.29 1 1
github.com/suyashkumar/dicom/read.go:72.3,72.28 1 1
github.com/suyashkumar/dicom/read.go:76.2,76.34 1 1
github.com/suyashkumar/dicom/read.go:80.80,81.16 1 1
github.com/suyashkumar/dicom/read.go:81.16,83.3 1 1
github.com/suyashkumar/dicom/read.go:87.2,87.12 1 1
github.com/suyashkumar/dicom/read.go:92.23,95.17 3 1
github.com/suyashkumar/dicom/read.go:95.17,97.4 1 0
github.com/suyashkumar/dicom/read.go:99.3,102.32 1 1
github.com/suyashkumar/dicom/read.go:102.32,104.4 1 0
github.com/suyashkumar/dicom/read.go:105.3,105.17 1 1
github.com/suyashkumar/dicom/read.go:106.10,108.17 2 1
github.com/suyashkumar/dicom/read.go:108.17,110.4 1 0
github.com/suyashkumar/dicom/read.go:111.3,113.19 2 1
github.com/suyashkumar/dicom/read.go:113.19,115.4 1 0
github.com/suyashkumar/dicom/read.go:116.3,116.17 1 1
github.com/suyashkumar/dicom/read.go:120.129,123.16 2 1
github.com/suyashkumar/dicom/read.go:124.19,125.32 1 1
github.com/suyashkumar/dicom/read.go:126.20,127.33 1 1
github.com/suyashkumar/dicom/read.go:128.18,129.31 1 1
github.com/suyashkumar/dicom/read.go:130.91,131.30 1 1
github.com/suyashkumar/dicom/read.go:132.22,133.38 1 1
github.com/suyashkumar/dicom/read.go:134.18,135.42 1 1
github.com/suyashkumar/dicom/read.go:136.23,137.36 1 1
github.com/suyashkumar/dicom/read.go:138.44,139.32 1 1
github.com/suyashkumar/dicom/read.go:147.21,148.34 1 1
github.com/suyashkumar/dicom/read.go:148.34,150.4 1 1
github.com/suyashkumar/dicom/read.go:151.3,151.32 1 1
github.com/suyashkumar/dicom/read.go:152.10,153.33 1 1
github.com/suyashkumar/dicom/read.go:159.51,162.16 2 1
github.com/suyashkumar/dicom/read.go:162.16,164.3 1 0
github.com/suyashkumar/dicom/read.go:165.2,165.37 1 1
github.com/suyashkumar/dicom/read.go:165.37,172.3 1 0
github.com/suyashkumar/dicom/read.go:174.2,175.16 2 1
github.com/suyashkumar/dicom/read.go:175.16,177.3 1 0
github.com/suyashkumar/dicom/read.go:181.2,182.16 2 1
github.com/suyashkumar/dicom/read.go:182.16,184.3 1 0
github.com/suyashkumar/dicom/read.go:186.2,188.102 3 1
github.com/suyashkumar/dicom/read.go:188.102,190.49 1 1
github.com/suyashkumar/dicom/read.go:190.49,192.4 1 0
github.com/suyashkumar/dicom/read.go:193.3,193.40 1 1
github.com/suyashkumar/dicom/read.go:196.2,196.35 1 1
github.com/suyashkumar/dicom/read.go:196.35,201.17 3 1
github.com/suyashkumar/dicom/read.go:201.17,203.4 1 0
github.com/suyashkumar/dicom/read.go:204.3,205.39 2 1
github.com/suyashkumar/dicom/read.go:205.39,207.18 2 1
github.com/suyashkumar/dicom/read.go:207.18,210.5 1 0
github.com/suyashkumar/dicom/read.go:211.4,211.39 1 1
github.com/suyashkumar/dicom/read.go:213.8,216.7 2 1
github.com/suyashkumar/dicom/read.go:216.7,219.18 2 1
github.com/suyashkumar/dicom/read.go:219.18,221.5 1 0
github.com/suyashkumar/dicom/read.go:222.4,224.73 3 1
github.com/suyashkumar/dicom/read.go:224.73,226.5 1 0
github.com/suyashkumar/dicom/read.go:227.4,229.23 2 1
github.com/suyashkumar/dicom/read.go:229.23,230.10 1 1
github.com/suyashkumar/dicom/read.go:232.4,233.18 2 1
github.com/suyashkumar/dicom/read.go:233.18,236.5 1 0
github.com/suyashkumar/dicom/read.go:237.4,237.39 1 1
github.com/suyashkumar/dicom/read.go:240.2,240.23 1 1
github.com/suyashkumar/dicom/read.go:244.9,245.33 1 1
github.com/suyashkumar/dicom/read.go:245.33,251.17 4 1
github.com/suyashkumar/dicom/read.go:251.17,253.4 1 0
github.com/suyashkumar/dicom/read.go:255.3,255.39 1 1
github.com/suyashkumar/dicom/read.go:255.39,257.18 2 1
github.com/suyashkumar/dicom/read.go:257.18,258.10 1 0
github.com/suyashkumar/dicom/read.go:261.4,261.18 1 1
github.com/suyashkumar/dicom/read.go:261.18,262.10 1 1
github.com/suyashkumar/dicom/read.go:265.4,272.17 2 1
github.com/suyashkumar/dicom/read.go:272.17,274.5 1 0
github.com/suyashkumar/dicom/read.go:276.4,276.43 1 1
github.com/suyashkumar/dicom/read.go:278.3,279.52 2 1
github.com/suyashkumar/dicom/read.go:282.2,282.26 1 1
github.com/suyashkumar/dicom/read.go:282.26,285.53 1 1
github.com/suyashkumar/dicom/read.go:285.53,287.4 1 0
github.com/suyashkumar/dicom/read.go:288.3,288.73 1 1
github.com/suyashkumar/dicom/read.go:291.2,291.41 1 1
github.com/suyashkumar/dicom/read.go:291.41,296.3 4 1
github.com/suyashkumar/dicom/read.go:300.2,300.14 1 1
github.com/suyashkumar/dicom/read.go:300.14,302.3 1 0
github.com/suyashkumar/dicom/read.go:304.2,306.16 2 1
github.com/suyashkumar/dicom/read.go:306.16,308.3 1 0
github.com/suyashkumar/dicom/read.go:311.2,311.48 1 1
github.com/suyashkumar/dicom/read.go:315.38,317.32 2 1
github.com/suyashkumar/dicom/read.go:317.32,319.3 1 1
github.com/suyashkumar/dicom/read.go:320.2,320.10 1 1
github.com/suyashkumar/dicom/read.go:323.98,325.26 2 1
github.com/suyashkumar/dicom/read.go:325.26,327.3 1 0
github.com/suyashkumar/dicom/read.go:329.2,330.40 2 1
github.com/suyashkumar/dicom/read.go:330.40,333.17 3 1
github.com/suyashkumar/dicom/read.go:333.17,335.4 1 0
github.com/suyashkumar/dicom/read.go:336.3,347.27 4 1
github.com/suyashkumar/dicom/read.go:347.27,351.4 3 1
github.com/suyashkumar/dicom/read.go:355.2,355.12 1 1
github.com/suyashkumar/dicom/read.go:358.118,361.16 3 1
github.com/suyashkumar/dicom/read.go:361.16,363.3 1 0
github.com/suyashkumar/dicom/read.go:365.2,371.15 2 1
github.com/suyashkumar/dicom/read.go:371.15,373.3 1 0
github.com/suyashkumar/dicom/read.go:374.2,378.20 2 1
github.com/suyashkumar/dicom/read.go:384.30,387.16 2 1
github.com/suyashkumar/dicom/read.go:387.16,389.3 1 0
github.com/suyashkumar/dicom/read.go:391.2,392.16 2 1
github.com/suyashkumar/dicom/read.go:392.16,394.3 1 1
github.com/suyashkumar/dicom/read.go:396.2,398.16 3 1
github.com/suyashkumar/dicom/read.go:398.16,401.17 2 1
github.com/suyashkumar/dicom/read.go:401.17,403.4 1 0
github.com/suyashkumar/dicom/read.go:404.8,407.3 1 1
github.com/suyashkumar/dicom/read.go:409.2,410.16 2 1
github.com/suyashkumar/dicom/read.go:410.16,412.3 1 0
github.com/suyashkumar/dicom/read.go:413.2,416.16 3 1
github.com/suyashkumar/dicom/read.go:416.16,418.3 1 0
github.com/suyashkumar/dicom/read.go:419.2,427.24 6 1
github.com/suyashkumar/dicom/read.go:427.24,429.3 1 1
github.com/suyashkumar/dicom/read.go:431.2,432.31 2 1
github.com/suyashkumar/dicom/read.go:432.31,433.10 1 1
github.com/suyashkumar/dicom/read.go:434.49,435.31 1 1
github.com/suyashkumar/dicom/read.go:436.49,437.130 1 1
github.com/suyashkumar/dicom/read.go:438.11,440.44 1 1
github.com/suyashkumar/dicom/read.go:440.44,442.5 1 1
github.com/suyashkumar/dicom/read.go:443.4,444.18 2 1
github.com/suyashkumar/dicom/read.go:444.18,446.5 1 0
github.com/suyashkumar/dicom/read.go:447.4,447.30 1 1
github.com/suyashkumar/dicom/read.go:452.2,458.52 5 1
github.com/suyashkumar/dicom/read.go:458.52,464.25 2 1
github.com/suyashkumar/dicom/read.go:464.25,466.77 2 1
github.com/suyashkumar/dicom/read.go:466.77,468.5 1 0
github.com/suyashkumar/dicom/read.go:469.4,470.52 2 1
github.com/suyashkumar/dicom/read.go:470.52,471.54 1 1
github.com/suyashkumar/dicom/read.go:471.54,473.6 1 1
github.com/suyashkumar/dicom/read.go:475.4,475.41 1 1
github.com/suyashkumar/dicom/read.go:476.9,477.25 1 1
github.com/suyashkumar/dicom/read.go:478.11,479.190 1 1
github.com/suyashkumar/dicom/read.go:480.12,481.191 1 1
github.com/suyashkumar/dicom/read.go:482.12,483.191 1 1
github.com/suyashkumar/dicom/read.go:484.12,485.128 1 1
github.com/suyashkumar/dicom/read.go:488.3,488.17 1 1
github.com/suyashkumar/dicom/read.go:488.17,490.4 1 0
github.com/suyashkumar/dicom/read.go:491.3,492.16 2 1
github.com/suyashkumar/dicom/read.go:492.16,494.4 1 0
github.com/suyashkumar/dicom/read.go:496.2,496.26 1 1
github.com/suyashkumar/dicom/read.go:496.26,498.17 2 1
github.com/suyashkumar/dicom/read.go:498.17,500.4 1 0
github.com/suyashkumar/dicom/read.go:501.3,501.16 1 1
github.com/suyashkumar/dicom/read.go:503.2,503.33 1 1
github.com/suyashkumar/dicom/read.go:508.192,516.50 4 1
github.com/suyashkumar/dicom/read.go:516.50,517.52 1 1
github.com/suyashkumar/dicom/read.go:517.52,519.18 2 1
github.com/suyashkumar/dicom/read.go:519.18,522.5 1 0
github.com/suyashkumar/dicom/read.go:523.4,523.25 1 1
github.com/suyashkumar/dicom/read.go:524.11,526.12 2 1
github.com/suyashkumar/dicom/read.go:526.12,528.6 1 0
github.com/suyashkumar/dicom/read.go:529.5,529.59 1 1
github.com/suyashkumar/dicom/read.go:530.12,532.12 2 1
github.com/suyashkumar/dicom/read.go:532.12,534.6 1 0
github.com/suyashkumar/dicom/read.go:535.5,535.59 1 1
github.com/suyashkumar/dicom/read.go:536.12,538.12 2 1
github.com/suyashkumar/dicom/read.go:538.12,540.6 1 0
github.com/suyashkumar/dicom/read.go:541.5,541.59 1 1
github.com/suyashkumar/dicom/read.go:542.12,543.149 1 0
github.com/suyashkumar/dicom/read.go:547.2,547.39 1 1
github.com/suyashkumar/dicom/read.go:553.91,557.33 3 1
github.com/suyashkumar/dicom/read.go:557.33,558.7 1 1
github.com/suyashkumar/dicom/read.go:558.7,560.18 2 1
github.com/suyashkumar/dicom/read.go:560.18,563.5 1 0
github.com/suyashkumar/dicom/read.go:564.4,564.54 1 1
github.com/suyashkumar/dicom/read.go:564.54,566.10 1 1
github.com/suyashkumar/dicom/read.go:568.4,568.82 1 1
github.com/suyashkumar/dicom/read.go:568.82,573.5 2 0
github.com/suyashkumar/dicom/read.go:576.4,576.84 1 1
github.com/suyashkumar/dicom/read.go:578.8,581.17 2 0
github.com/suyashkumar/dicom/read.go:581.17,583.4 1 0
github.com/suyashkumar/dicom/read.go:584.3,584.39 1 0
github.com/suyashkumar/dicom/read.go:584.39,586.18 2 0
github.com/suyashkumar/dicom/read.go:586.18,589.5 1 0
github.com/suyashkumar/dicom/read.go:592.4,592.84 1 0
github.com/suyashkumar/dicom/read.go:594.3,594.25 1 0
github.com/suyashkumar/dicom/read.go:597.2,597.24 1 1
github.com/suyashkumar/dicom/read.go:602.95,609.33 3 1
github.com/suyashkumar/dicom/read.go:609.33,610.7 1 1
github.com/suyashkumar/dicom/read.go:610.7,612.18 2 1
github.com/suyashkumar/dicom/read.go:612.18,614.5 1 0
github.com/suyashkumar/dicom/read.go:615.4,615.47 1 1
github.com/suyashkumar/dicom/read.go:615.47,616.10 1 1
github.com/suyashkumar/dicom/read.go:619.4,620.64 2 1
github.com/suyashkumar/dicom/read.go:622.8,624.17 2 0
github.com/suyashkumar/dicom/read.go:624.17,626.4 1 0
github.com/suyashkumar/dicom/read.go:628.3,628.39 1 0
github.com/suyashkumar/dicom/read.go:628.39,630.18 2 0
github.com/suyashkumar/dicom/read.go:630.18,632.5 1 0
github.com/suyashkumar/dicom/read.go:634.4,635.64 2 0
github.com/suyashkumar/dicom/read.go:637.3,637.25 1 0
github.com/suyashkumar/dicom/read.go:640.2,640.27 1 1
github.com/suyashkumar/dicom/read.go:643.76,645.50 1 1
github.com/suyashkumar/dicom/read.go:645.50,649.3 3 1
github.com/suyashkumar/dicom/read.go:649.8,649.34 1 1
github.com/suyashkumar/dicom/read.go:649.34,651.16 1 1
github.com/suyashkumar/dicom/read.go:651.16,653.4 1 1
github.com/suyashkumar/dicom/read.go:655.3,657.33 3 1
github.com/suyashkumar/dicom/read.go:657.33,659.18 2 1
github.com/suyashkumar/dicom/read.go:659.18,661.5 1 0
github.com/suyashkumar/dicom/read.go:663.4,664.18 2 1
github.com/suyashkumar/dicom/read.go:664.18,666.5 1 0
github.com/suyashkumar/dicom/read.go:668.3,668.46 1 1
github.com/suyashkumar/dicom/read.go:671.2,671.87 1 0
github.com/suyashkumar/dicom/read.go:674.77,676.16 2 1
github.com/suyashkumar/dicom/read.go:676.16,678.3 1 1
github.com/suyashkumar/dicom/read.go:679.2,680.27 2 1
github.com/suyashkumar/dicom/read.go:680.27,681.29 1 1
github.com/suyashkumar/dicom/read.go:681.29,683.4 1 1
github.com/suyashkumar/dicom/read.go:685.2,685.17 1 1
github.com/suyashkumar/dicom/read.go:685.17,688.3 1 1
github.com/suyashkumar/dicom/read.go:691.2,692.40 2 1
github.com/suyashkumar/dicom/read.go:695.76,697.16 2 1
github.com/suyashkumar/dicom/read.go:697.16,699.3 1 0
github.com/suyashkumar/dicom/read.go:700.2,701.38 2 1
github.com/suyashkumar/dicom/read.go:701.38,702.13 1 1
github.com/suyashkumar/dicom/read.go:703.34,705.18 2 1
github.com/suyashkumar/dicom/read.go:705.18,707.5 1 0
github.com/suyashkumar/dicom/read.go:711.4,712.18 2 1
github.com/suyashkumar/dicom/read.go:712.18,714.5 1 0
github.com/suyashkumar/dicom/read.go:715.4,716.9 2 1
github.com/suyashkumar/dicom/read.go:717.34,719.18 2 1
github.com/suyashkumar/dicom/read.go:719.18,721.5 1 0
github.com/suyashkumar/dicom/read.go:722.4,723.9 2 1
github.com/suyashkumar/dicom/read.go:724.11,725.124 1 1
github.com/suyashkumar/dicom/read.go:728.2,729.20 2 1
github.com/suyashkumar/dicom/read.go:732.75,734.16 2 1
github.com/suyashkumar/dicom/read.go:734.16,736.3 1 0
github.com/suyashkumar/dicom/read.go:737.2,739.50 2 1
github.com/suyashkumar/dicom/read.go:743.74,746.16 2 1
github.com/suyashkumar/dicom/read.go:746.16,748.3 1 0
github.com/suyashkumar/dicom/read.go:749.2,750.38 2 1
github.com/suyashkumar/dicom/read.go:750.38,751.13 1 1
github.com/suyashkumar/dicom/read.go:752.48,754.18 2 1
github.com/suyashkumar/dicom/read.go:754.18,756.5 1 0
github.com/suyashkumar/dicom/read.go:757.4,758.9 2 1
github.com/suyashkumar/dicom/read.go:759.27,761.18 2 1
github.com/suyashkumar/dicom/read.go:761.18,763.5 1 0
github.com/suyashkumar/dicom/read.go:764.4,765.9 2 1
github.com/suyashkumar/dicom/read.go:766.25,768.18 2 1
github.com/suyashkumar/dicom/read.go:768.18,770.5 1 0
github.com/suyashkumar/dicom/read.go:771.4,772.9 2 1
github.com/suyashkumar/dicom/read.go:773.26,775.18 2 1
github.com/suyashkumar/dicom/read.go:775.18,777.5 1 0
github.com/suyashkumar/dicom/read.go:778.4,779.9 2 1
github.com/suyashkumar/dicom/read.go:780.11,781.83 1 0
github.com/suyashkumar/dicom/read.go:784.2,785.20 2 1
github.com/suyashkumar/dicom/read.go:793.84,795.16 2 1
github.com/suyashkumar/dicom/read.go:795.16,797.3 1 1
github.com/suyashkumar/dicom/read.go:798.2,801.20 3 1
github.com/suyashkumar/dicom/read.go:801.20,804.3 1 1
github.com/suyashkumar/dicom/read.go:806.2,807.16 2 1
github.com/suyashkumar/dicom/read.go:807.16,809.3 1 0
github.com/suyashkumar/dicom/read.go:810.2,813.16 3 1
github.com/suyashkumar/dicom/read.go:813.16,815.3 1 0
github.com/suyashkumar/dicom/read.go:816.2,819.16 3 1
github.com/suyashkumar/dicom/read.go:819.16,821.3 1 1
github.com/suyashkumar/dicom/read.go:823.2,823.132 1 1
github.com/suyashkumar/dicom/read.go:830.69,832.16 2 1
github.com/suyashkumar/dicom/read.go:832.16,834.3 1 0
github.com/suyashkumar/dicom/read.go:836.2,837.16 2 1
github.com/suyashkumar/dicom/read.go:837.16,839.3 1 0
github.com/suyashkumar/dicom/read.go:840.2,841.16 2 1
github.com/suyashkumar/dicom/read.go:841.16,843.3 1 0
github.com/suyashkumar/dicom/read.go:845.2,845.40 1 1
github.com/suyashkumar/dicom/read.go:845.40,846.14 1 1
github.com/suyashkumar/dicom/read.go:846.14,848.4 1 0
github.com/suyashkumar/dicom/read.go:849.3,849.24 1 1
github.com/suyashkumar/dicom/read.go:851.2,851.20 1 1
github.com/suyashkumar/dicom/read.go:851.20,854.3 2 0
github.com/suyashkumar/dicom/read.go:855.2,855.33 1 1
github.com/suyashkumar/dicom/read.go:855.33,858.3 2 0
github.com/suyashkumar/dicom/read.go:859.2,859.16 1 1
github.com/suyashkumar/dicom/read.go:859.16,861.3 1 0
github.com/suyashkumar/dicom/read.go:863.2,863.16 1 1
github.com/suyashkumar/dicom/read.go:863.16,864.53 1 1
github.com/suyashkumar/dicom/read.go:864.53,866.4 1 0
github.com/suyashkumar/dicom/read.go:867.8,870.17 3 1
github.com/suyashkumar/dicom/read.go:870.17,872.4 1 0
github.com/suyashkumar/dicom/read.go:873.3,873.26 1 1
github.com/suyashkumar/dicom/read.go:875.2,875.24 1 1
github.com/suyashkumar/dicom/read.go:879.36,881.2 1 1
github.com/suyashkumar/dicom/write.go:40.69,42.42 2 1
github.com/suyashkumar/dicom/write.go:42.42,44.3 1 0
github.com/suyashkumar/dicom/write.go:45.2,50.8 2 1
github.com/suyashkumar/dicom/write.go:54.72,56.2 1 1
github.com/suyashkumar/dicom/write.go:59.49,61.35 2 1
github.com/suyashkumar/dicom/write.go:61.35,62.42 1 1
github.com/suyashkumar/dicom/write.go:62.42,64.4 1 1
github.com/suyashkumar/dicom/write.go:67.2,68.16 2 1
github.com/suyashkumar/dicom/write.go:68.16,70.3 1 1
github.com/suyashkumar/dicom/write.go:72.2,73.83 2 1
github.com/suyashkumar/dicom/write.go:73.83,76.3 2 1
github.com/suyashkumar/dicom/write.go:76.8,76.100 1 1
github.com/suyashkumar/dicom/write.go:76.100,78.17 2 1
github.com/suyashkumar/dicom/write.go:78.17,80.4 1 0
github.com/suyashkumar/dicom/write.go:81.8,81.23 1 1
github.com/suyashkumar/dicom/write.go:81.23,83.3 1 0
github.com/suyashkumar/dicom/write.go:85.2,87.35 2 1
github.com/suyashkumar/dicom/write.go:87.35,88.42 1 1
github.com/suyashkumar/dicom/write.go:88.42,90.18 2 1
github.com/suyashkumar/dicom/write.go:90.18,92.5 1 0
github.com/suyashkumar/dicom/write.go:96.2,96.12 1 1
github.com/suyashkumar/dicom/write.go:100.49,102.2 1 1
github.com/suyashkumar/dicom/write.go:106.66,108.16 2 1
github.com/suyashkumar/dicom/write.go:108.16,110.3 1 0
github.com/suyashkumar/dicom/write.go:111.2,111.27 1 1
github.com/suyashkumar/dicom/write.go:119.39,120.32 1 1
github.com/suyashkumar/dicom/write.go:120.32,122.3 1 1
github.com/suyashkumar/dicom/write.go:127.46,128.32 1 0
github.com/suyashkumar/dicom/write.go:128.32,130.3 1 0
github.com/suyashkumar/dicom/write.go:139.49,140.32 1 1
github.com/suyashkumar/dicom/write.go:140.32,142.3 1 1
github.com/suyashkumar/dicom/write.go:153.74,154.32 1 1
github.com/suyashkumar/dicom/write.go:154.32,156.3 1 1
github.com/suyashkumar/dicom/write.go:164.54,165.32 1 1
github.com/suyashkumar/dicom/write.go:165.32,167.3 1 1
github.com/suyashkumar/dicom/write.go:179.40,180.46 1 1
github.com/suyashkumar/dicom/write.go:180.46,181.94 1 1
github.com/suyashkumar/dicom/write.go:181.94,183.4 1 0
github.com/suyashkumar/dicom/write.go:185.2,185.12 1 1
github.com/suyashkumar/dicom/write.go:188.54,190.27 2 1
github.com/suyashkumar/dicom/write.go:190.27,192.3 1 1
github.com/suyashkumar/dicom/write.go:193.2,193.15 1 1
github.com/suyashkumar/dicom/write.go:196.100,206.57 7 1
github.com/suyashkumar/dicom/write.go:206.57,208.3 1 0
github.com/suyashkumar/dicom/write.go:209.2,210.57 2 1
github.com/suyashkumar/dicom/write.go:210.57,212.3 1 0
github.com/suyashkumar/dicom/write.go:213.2,214.57 2 1
github.com/suyashkumar/dicom/write.go:214.57,216.3 1 0
github.com/suyashkumar/dicom/write.go:218.2,218.45 1 1
github.com/suyashkumar/dicom/write.go:218.45,221.80 2 1
github.com/suyashkumar/dicom/write.go:221.80,223.132 1 1
github.com/suyashkumar/dicom/write.go:223.132,225.5 1 0
github.com/suyashkumar/dicom/write.go:226.9,226.97 1 1
github.com/suyashkumar/dicom/write.go:226.97,228.143 1 1
github.com/suyashkumar/dicom/write.go:228.143,230.5 1 0
github.com/suyashkumar/dicom/write.go:231.9,231.24 1 1
github.com/suyashkumar/dicom/write.go:231.24,234.4 1 1
github.com/suyashkumar/dicom/write.go:237.2,237.33 1 1
github.com/suyashkumar/dicom/write.go:237.33,238.42 1 1
github.com/suyashkumar/dicom/write.go:238.42,239.40 1 1
github.com/suyashkumar/dicom/write.go:239.40,241.19 2 0
github.com/suyashkumar/dicom/write.go:241.19,243.6 1 0
github.com/suyashkumar/dicom/write.go:248.2,248.42 1 1
github.com/suyashkumar/dicom/write.go:248.42,250.3 1 0
github.com/suyashkumar/dicom/write.go:251.2,251.49 1 1
github.com/suyashkumar/dicom/write.go:251.49,253.3 1 0
github.com/suyashkumar/dicom/write.go:254.2,255.16 2 1
github.com/suyashkumar/dicom/write.go:255.16,257.3 1 0
github.com/suyashkumar/dicom/write.go:259.2,260.16 2 1
github.com/suyashkumar/dicom/write.go:260.16,262.3 1 0
github.com/suyashkumar/dicom/write.go:263.2,264.16 2 1
github.com/suyashkumar/dicom/write.go:264.16,266.3 1 0
github.com/suyashkumar/dicom/write.go:268.2,268.12 1 1
github.com/suyashkumar/dicom/write.go:271.77,275.16 4 1
github.com/suyashkumar/dicom/write.go:275.16,277.3 1 0
github.com/suyashkumar/dicom/write.go:279.2,279.58 1 1
github.com/suyashkumar/dicom/write.go:279.58,281.17 2 1
github.com/suyashkumar/dicom/write.go:281.17,283.4 1 0
github.com/suyashkumar/dicom/write.go:286.2,288.23 3 1
github.com/suyashkumar/dicom/write.go:288.23,292.17 4 1
github.com/suyashkumar/dicom/write.go:292.17,294.4 1 0
github.com/suyashkumar/dicom/write.go:296.3,297.48 2 1
github.com/suyashkumar/dicom/write.go:297.48,299.4 1 1
github.com/suyashkumar/dicom/write.go:302.2,303.16 2 1
github.com/suyashkumar/dicom/write.go:303.16,305.3 1 0
github.com/suyashkumar/dicom/write.go:307.2,307.23 1 1
github.com/suyashkumar/dicom/write.go:307.23,310.17 2 1
github.com/suyashkumar/dicom/write.go:310.17,312.4 1 0
github.com/suyashkumar/dicom/write.go:314.2,314.12 1 1
github.com/suyashkumar/dicom/write.go:317.117,319.16 2 1
github.com/suyashkumar/dicom/write.go:319.16,321.3 1 1
github.com/suyashkumar/dicom/write.go:322.2,322.110 1 1
github.com/suyashkumar/dicom/write.go:322.110,324.3 1 1
github.com/suyashkumar/dicom/write.go:325.2,326.16 2 1
github.com/suyashkumar/dicom/write.go:326.16,328.3 1 0
github.com/suyashkumar/dicom/write.go:329.2,330.12 2 1
github.com/suyashkumar/dicom/write.go:333.80,336.41 1 1
github.com/suyashkumar/dicom/write.go:336.41,338.3 1 1
github.com/suyashkumar/dicom/write.go:341.2,342.16 2 1
github.com/suyashkumar/dicom/write.go:342.16,347.15 1 1
github.com/suyashkumar/dicom/write.go:347.15,349.4 1 1
github.com/suyashkumar/dicom/write.go:350.3,350.17 1 1
github.com/suyashkumar/dicom/write.go:353.2,353.14 1 1
github.com/suyashkumar/dicom/write.go:353.14,357.3 1 1
github.com/suyashkumar/dicom/write.go:360.2,360.67 1 1
github.com/suyashkumar/dicom/write.go:360.67,363.3 1 1
github.com/suyashkumar/dicom/write.go:365.2,365.16 1 1
github.com/suyashkumar/dicom/write.go:368.63,371.12 3 1
github.com/suyashkumar/dicom/write.go:372.104,373.25 1 1
github.com/suyashkumar/dicom/write.go:374.22,375.30 1 1
github.com/suyashkumar/dicom/write.go:376.12,377.33 1 1
github.com/suyashkumar/dicom/write.go:378.40,379.25 1 1
github.com/suyashkumar/dicom/write.go:379.25,381.4 1 1
github.com/suyashkumar/dicom/write.go:381.9,383.4 1 1
github.com/suyashkumar/dicom/write.go:384.21,385.52 1 1
github.com/suyashkumar/dicom/write.go:386.60,387.27 1 1
github.com/suyashkumar/dicom/write.go:388.10,389.28 1 1
github.com/suyashkumar/dicom/write.go:392.2,392.9 1 1
github.com/suyashkumar/dicom/write.go:392.9,394.3 1 1
github.com/suyashkumar/dicom/write.go:395.2,395.12 1 1
github.com/suyashkumar/dicom/write.go:398.62,399.46 1 1
github.com/suyashkumar/dicom/write.go:399.46,402.3 1 0
github.com/suyashkumar/dicom/write.go:403.2,403.47 1 1
github.com/suyashkumar/dicom/write.go:403.47,405.3 1 0
github.com/suyashkumar/dicom/write.go:406.2,406.33 1 1
github.com/suyashkumar/dicom/write.go:409.74,411.18 1 1
github.com/suyashkumar/dicom/write.go:411.18,413.3 1 0
github.com/suyashkumar/dicom/write.go:415.2,415.26 1 1
github.com/suyashkumar/dicom/write.go:415.26,418.3 1 1
github.com/suyashkumar/dicom/write.go:421.2,421.119 1 1
github.com/suyashkumar/dicom/write.go:421.119,424.3 1 0
github.com/suyashkumar/dicom/write.go:427.2,428.33 2 1
github.com/suyashkumar/dicom/write.go:428.33,430.3 1 1
github.com/suyashkumar/dicom/write.go:431.2,431.15 1 1
github.com/suyashkumar/dicom/write.go:431.15,432.43 1 1
github.com/suyashkumar/dicom/write.go:432.43,434.4 1 0
github.com/suyashkumar/dicom/write.go:435.3,435.13 1 1
github.com/suyashkumar/dicom/write.go:439.24,440.42 1 1
github.com/suyashkumar/dicom/write.go:440.42,442.5 1 0
github.com/suyashkumar/dicom/write.go:443.4,443.44 1 1
github.com/suyashkumar/dicom/write.go:443.44,445.5 1 0
github.com/suyashkumar/dicom/write.go:446.11,447.52 1 1
github.com/suyashkumar/dicom/write.go:447.52,449.5 1 0
github.com/suyashkumar/dicom/write.go:451.8,452.43 1 1
github.com/suyashkumar/dicom/write.go:452.43,454.4 1 0
github.com/suyashkumar/dicom/write.go:456.2,456.12 1 1
github.com/suyashkumar/dicom/write.go:459.57,461.54 2 1
github.com/suyashkumar/dicom/write.go:461.54,463.3 1 0
github.com/suyashkumar/dicom/write.go:464.2,464.61 1 1
github.com/suyashkumar/dicom/write.go:464.61,466.3 1 0
github.com/suyashkumar/dicom/write.go:467.2,467.43 1 1
github.com/suyashkumar/dicom/write.go:467.43,469.3 1 0
github.com/suyashkumar/dicom/write.go:470.2,470.12 1 1
github.com/suyashkumar/dicom/write.go:473.71,477.33 4 1
github.com/suyashkumar/dicom/write.go:477.33,478.55 1 0
github.com/suyashkumar/dicom/write.go:478.55,480.4 1 0
github.com/suyashkumar/dicom/write.go:482.2,482.38 1 1
github.com/suyashkumar/dicom/write.go:485.84,487.16 2 1
github.com/suyashkumar/dicom/write.go:487.16,489.3 1 0
github.com/suyashkumar/dicom/write.go:490.2,491.16 2 1
github.com/suyashkumar/dicom/write.go:491.16,493.3 1 0
github.com/suyashkumar/dicom/write.go:494.2,494.12 1 1
github.com/suyashkumar/dicom/write.go:497.127,498.51 1 1
github.com/suyashkumar/dicom/write.go:498.51,500.3 1 0
github.com/suyashkumar/dicom/write.go:502.2,503.19 2 1
github.com/suyashkumar/dicom/write.go:504.15,505.43 1 1
github.com/suyashkumar/dicom/write.go:506.13,507.39 1 1
github.com/suyashkumar/dicom/write.go:508.12,509.37 1 1
github.com/suyashkumar/dicom/write.go:510.17,511.45 1 1
github.com/suyashkumar/dicom/write.go:512.20,513.63 1 0
github.com/suyashkumar/dicom/write.go:514.17,515.69 1 1
github.com/suyashkumar/dicom/write.go:516.14,517.35 1 1
github.com/suyashkumar/dicom/write.go:518.10,519.47 1 0
github.com/suyashkumar/dicom/write.go:523.72,525.32 2 1
github.com/suyashkumar/dicom/write.go:525.32,526.12 1 1
github.com/suyashkumar/dicom/write.go:526.12,528.4 1 1
github.com/suyashkumar/dicom/write.go:529.3,529.14 1 1
github.com/suyashkumar/dicom/write.go:531.2,531.41 1 1
github.com/suyashkumar/dicom/write.go:531.41,533.3 1 0
github.com/suyashkumar/dicom/write.go:534.2,534.19 1 1
github.com/suyashkumar/dicom/write.go:534.19,535.13 1 1
github.com/suyashkumar/dicom/write.go:539.39,540.45 1 1
github.com/suyashkumar/dicom/write.go:540.45,542.5 1 0
github.com/suyashkumar/dicom/write.go:543.11,544.41 1 1
github.com/suyashkumar/dicom/write.go:544.41,546.5 1 0
github.com/suyashkumar/dicom/write.go:549.2,549.12 1 1
github.com/suyashkumar/dicom/write.go:552.68,554.12 2 1
github.com/suyashkumar/dicom/write.go:555.38,556.40 1 1
github.com/suyashkumar/dicom/write.go:557.23,558.40 1 1
github.com/suyashkumar/dicom/write.go:559.10,560.37 1 0
github.com/suyashkumar/dicom/write.go:562.2,562.16 1 1
github.com/suyashkumar/dicom/write.go:562.16,564.3 1 0
github.com/suyashkumar/dicom/write.go:565.2,565.12 1 1
github.com/suyashkumar/dicom/write.go:568.66,569.31 1 1
github.com/suyashkumar/dicom/write.go:569.31,570.13 1 1
github.com/suyashkumar/dicom/write.go:572.67,573.55 1 1
github.com/suyashkumar/dicom/write.go:573.55,575.5 1 0
github.com/suyashkumar/dicom/write.go:576.45,577.55 1 1
github.com/suyashkumar/dicom/write.go:577.55,579.5 1 0
github.com/suyashkumar/dicom/write.go:580.11,581.38 1 0
github.com/suyashkumar/dicom/write.go:584.2,584.12 1 1
github.com/suyashkumar/dicom/write.go:587.63,588.29 1 1
github.com/suyashkumar/dicom/write.go:588.29,590.3 1 0
github.com/suyashkumar/dicom/write.go:591.2,592.28 2 1
github.com/suyashkumar/dicom/write.go:592.28,593.13 1 1
github.com/suyashkumar/dicom/write.go:594.34,600.18 2 0
github.com/suyashkumar/dicom/write.go:600.18,602.5 1 0
github.com/suyashkumar/dicom/write.go:603.34,605.18 2 1
github.com/suyashkumar/dicom/write.go:605.18,607.5 1 0
github.com/suyashkumar/dicom/write.go:610.2,610.12 1 1
github.com/suyashkumar/dicom/write.go:613.92,616.33 2 1
github.com/suyashkumar/dicom/write.go:616.33,617.65 1 1
github.com/suyashkumar/dicom/write.go:617.65,619.4 1 0
github.com/suyashkumar/dicom/write.go:620.3,620.38 1 1
github.com/suyashkumar/dicom/write.go:620.38,621.71 1 1
github.com/suyashkumar/dicom/write.go:621.71,623.5 1 0
github.com/suyashkumar/dicom/write.go:625.3,626.17 2 1
github.com/suyashkumar/dicom/write.go:626.17,628.4 1 0
github.com/suyashkumar/dicom/write.go:629.8,630.33 1 1
github.com/suyashkumar/dicom/write.go:630.33,632.4 1 1
github.com/suyashkumar/dicom/write.go:635.3,635.37 1 1
github.com/suyashkumar/dicom/write.go:635.37,638.4 2 1
github.com/suyashkumar/dicom/write.go:639.3,648.46 8 1
github.com/suyashkumar/dicom/write.go:648.46,650.47 2 1
github.com/suyashkumar/dicom/write.go:650.47,651.82 1 1
github.com/suyashkumar/dicom/write.go:651.82,652.60 1 1
github.com/suyashkumar/dicom/write.go:653.13,655.14 2 1
github.com/suyashkumar/dicom/write.go:655.14,657.8 1 0
github.com/suyashkumar/dicom/write.go:658.7,658.112 1 1
github.com/suyashkumar/dicom/write.go:658.112,660.8 1 0
github.com/suyashkumar/dicom/write.go:661.14,663.14 2 1
github.com/suyashkumar/dicom/write.go:663.14,665.8 1 0
github.com/suyashkumar/dicom/write.go:666.7,666.112 1 1
github.com/suyashkumar/dicom/write.go:666.112,668.8 1 0
github.com/suyashkumar/dicom/write.go:669.14,671.14 2 1
github.com/suyashkumar/dicom/write.go:671.14,673.8 1 0
github.com/suyashkumar/dicom/write.go:674.7,674.112 1 1
github.com/suyashkumar/dicom/write.go:674.112,676.8 1 0
github.com/suyashkumar/dicom/write.go:677.14,678.43 1 0
github.com/suyashkumar/dicom/write.go:685.3,685.23 1 1
github.com/suyashkumar/dicom/write.go:685.23,686.43 1 1
github.com/suyashkumar/dicom/write.go:686.43,688.5 1 0
github.com/suyashkumar/dicom/write.go:690.3,690.51 1 1
github.com/suyashkumar/dicom/write.go:690.51,692.4 1 0
github.com/suyashkumar/dicom/write.go:694.2,694.12 1 1
github.com/suyashkumar/dicom/write.go:702.125,710.33 1 1
github.com/suyashkumar/dicom/write.go:710.33,711.81 1 1
github.com/suyashkumar/dicom/write.go:711.81,713.4 1 0
github.com/suyashkumar/dicom/write.go:717.2,719.72 3 1
github.com/suyashkumar/dicom/write.go:719.72,721.3 1 0
github.com/suyashkumar/dicom/write.go:722.2,724.12 2 1
github.com/suyashkumar/dicom/write.go:737.119,739.52 1 1
github.com/suyashkumar/dicom/write.go:739.52,741.3 1 0
github.com/suyashkumar/dicom/write.go:744.2,744.30 1 1
github.com/suyashkumar/dicom/write.go:744.30,745.53 1 1
github.com/suyashkumar/dicom/write.go:745.53,747.4 1 0
github.com/suyashkumar/dicom/write.go:751.2,751.60 1 1
github.com/suyashkumar/dicom/write.go:754.65,755.22 1 1
github.com/suyashkumar/dicom/write.go:755.22,757.3 1 0
github.com/suyashkumar/dicom/write.go:758.2,761.40 3 1
github.com/suyashkumar/dicom/write.go:761.40,763.17 2 1
github.com/suyashkumar/dicom/write.go:763.17,765.4 1 0
github.com/suyashkumar/dicom/write.go:766.3,766.42 1 1
github.com/suyashkumar/dicom/write.go:766.42,768.4 1 0
github.com/suyashkumar/dicom/write.go:770.2,770.12 1 1
github.com/suyashkumar/dicom/write.go:773.65,774.43 1 1
github.com/suyashkumar/dicom/write.go:774.43,776.3 1 0
github.com/suyashkumar/dicom/write.go:777.2,777.22 1 1
github.com/suyashkumar/dicom/write.go:777.22,778.40 1 0
github.com/suyashkumar/dicom/write.go:778.40,780.4 1 0
github.com/suyashkumar/dicom/write.go:782.2,782.12 1 1
github.com/suyashkumar/dicom/pkg/debug/default.go:7.24,7.25 0 1
github.com/suyashkumar/dicom/pkg/debug/default.go:10.40,10.41 0 1
github.com/suyashkumar/dicom/pkg/dicomio/reader.go:41.76,48.2 1 1
github.com/suyashkumar/dicom/pkg/dicomio/reader.go:50.46,51.34 1 1
github.com/suyashkumar/dicom/pkg/dicomio/reader.go:51.34,53.3 1 0
github.com/suyashkumar/dicom/pkg/dicomio/reader.go:54.2,54.30 1 1
github.com/suyashkumar/dicom/pkg/dicomio/reader.go:57.46,59.34 1 1
github.com/suyashkumar/dicom/pkg/dicomio/reader.go:59.34,60.18 1 0
github.com/suyashkumar/dicom/pkg/dicomio/reader.go:60.18,62.4 1 0
github.com/suyashkumar/dicom/pkg/dicomio/reader.go:63.3,63.19 1 0
github.com/suyashkumar/dicom/pkg/dicomio/reader.go:68.2,68.45 1 1
github.com/suyashkumar/dicom/pkg/dicomio/reader.go:68.45,70.3 1 1
github.com/suyashkumar/dicom/pkg/dicomio/reader.go:71.2,72.12 2 1
github.com/suyashkumar/dicom/pkg/dicomio/reader.go:72.12,74.3 1 1
github.com/suyashkumar/dicom/pkg/dicomio/reader.go:75.2,75.15 1 1
github.com/suyashkumar/dicom/pkg/dicomio/reader.go:79.45,83.2 3 0
github.com/suyashkumar/dicom/pkg/dicomio/reader.go:86.47,90.2 3 1
github.com/suyashkumar/dicom/pkg/dicomio/reader.go:93.47,97.2 3 1
github.com/suyashkumar/dicom/pkg/dicomio/reader.go:100.45,104.2 3 1
github.com/suyashkumar/dicom/pkg/dicomio/reader.go:107.45,111.2 3 0
github.com/suyashkumar/dicom/pkg/dicomio/reader.go:114.49,118.2 3 1
github.com/suyashkumar/dicom/pkg/dicomio/reader.go:121.49,125.2 3 1
github.com/suyashkumar/dicom/pkg/dicomio/reader.go:127.75,128.20 1 1
github.com/suyashkumar/dicom/pkg/dicomio/reader.go:128.20,130.3 1 0
github.com/suyashkumar/dicom/pkg/dicomio/reader.go:131.2,131.14 1 1
github.com/suyashkumar/dicom/pkg/dicomio/reader.go:131.14,134.3 1 1
github.com/suyashkumar/dicom/pkg/dicomio/reader.go:135.2,136.16 2 0
github.com/suyashkumar/dicom/pkg/dicomio/reader.go:136.16,138.3 1 0
github.com/suyashkumar/dicom/pkg/dicomio/reader.go:139.2,139.27 1 0
github.com/suyashkumar/dicom/pkg/dicomio/reader.go:143.55,146.16 3 1
github.com/suyashkumar/dicom/pkg/dicomio/reader.go:146.16,148.3 1 0
github.com/suyashkumar/dicom/pkg/dicomio/reader.go:149.2,149.51 1 1
github.com/suyashkumar/dicom/pkg/dicomio/reader.go:153.38,154.33 1 1
github.com/suyashkumar/dicom/pkg/dicomio/reader.go:154.33,157.3 1 1
github.com/suyashkumar/dicom/pkg/dicomio/reader.go:159.2,161.12 2 1
github.com/suyashkumar/dicom/pkg/dicomio/reader.go:165.43,167.56 2 1
github.com/suyashkumar/dicom/pkg/dicomio/reader.go:167.56,169.3 1 0
github.com/suyashkumar/dicom/pkg/dicomio/reader.go:172.2,174.12 3 1
github.com/suyashkumar/dicom/pkg/dicomio/reader.go:179.29,180.59 1 1
github.com/suyashkumar/dicom/pkg/dicomio/reader.go:180.59,183.3 1 0
github.com/suyashkumar/dicom/pkg/dicomio/reader.go:185.2,187.36 3 1
github.com/suyashkumar/dicom/pkg/dicomio/reader.go:190.42,193.2 1 0
github.com/suyashkumar/dicom/pkg/dicomio/reader.go:195.72,198.2 2 0
github.com/suyashkumar/dicom/pkg/dicomio/reader.go:207.31,212.2 2 0
github.com/suyashkumar/dicom/pkg/dicomio/reader.go:216.36,216.57 1 0
github.com/suyashkumar/dicom/pkg/dicomio/reader.go:220.59,222.2 1 0
github.com/suyashkumar/dicom/pkg/dicomio/reader.go:226.46,228.2 1 1
github.com/suyashkumar/dicom/pkg/dicomio/reader.go:231.47,233.2 1 0
github.com/suyashkumar/dicom/pkg/dicomio/writer.go:17.75,23.2 1 1
github.com/suyashkumar/dicom/pkg/dicomio/writer.go:26.72,29.2 2 1
github.com/suyashkumar/dicom/pkg/dicomio/writer.go:32.63,34.2 1 1
github.com/suyashkumar/dicom/pkg/dicomio/writer.go:37.44,41.2 3 1
github.com/suyashkumar/dicom/pkg/dicomio/writer.go:44.46,47.2 2 1
github.com/suyashkumar/dicom/pkg/dicomio/writer.go:50.42,52.2 1 1
github.com/suyashkumar/dicom/pkg/dicomio/writer.go:55.45,58.2 2 1
github.com/suyashkumar/dicom/pkg/dicomio/writer.go:61.46,63.2 1 1
github.com/suyashkumar/dicom/pkg/dicomio/writer.go:66.46,68.2 1 1
github.com/suyashkumar/dicom/pkg/dicomio/writer.go:71.48,73.2 1 1
github.com/suyashkumar/dicom/pkg/dicomio/writer.go:76.48,78.2 1 1
github.com/suyashkumar/dicom/pkg/debug/default.go:7.24,7.25 0 0
github.com/suyashkumar/dicom/pkg/debug/default.go:10.40,10.41 0 0
github.com/suyashkumar/dicom/pkg/personname/common.go:5.84,16.42 3 1
github.com/suyashkumar/dicom/pkg/personname/common.go:16.42,25.20 3 1
github.com/suyashkumar/dicom/pkg/personname/common.go:25.20,27.4 1 1
github.com/suyashkumar/dicom/pkg/personname/common.go:33.3,33.56 1 1
github.com/suyashkumar/dicom/pkg/personname/common.go:33.56,35.4 1 1
github.com/suyashkumar/dicom/pkg/personname/common.go:38.2,38.18 1 1
github.com/suyashkumar/dicom/pkg/personname/errs.go:40.49,47.2 1 1
github.com/suyashkumar/dicom/pkg/personname/errs.go:51.73,59.2 1 1
github.com/suyashkumar/dicom/pkg/personname/errs.go:63.62,70.2 1 1
github.com/suyashkumar/dicom/pkg/personname/groupInfo.go:24.53,25.15 1 1
github.com/suyashkumar/dicom/pkg/personname/groupInfo.go:26.26,27.16 1 1
github.com/suyashkumar/dicom/pkg/personname/groupInfo.go:28.27,29.21 1 1
github.com/suyashkumar/dicom/pkg/personname/groupInfo.go:30.28,31.22 1 1
github.com/suyashkumar/dicom/pkg/personname/groupInfo.go:32.28,33.22 1 1
github.com/suyashkumar/dicom/pkg/personname/groupInfo.go:34.25,35.15 1 1
github.com/suyashkumar/dicom/pkg/personname/groupInfo.go:36.10,37.21 1 0
github.com/suyashkumar/dicom/pkg/personname/groupInfo.go:62.68,63.32 1 1
github.com/suyashkumar/dicom/pkg/personname/groupInfo.go:63.32,65.3 1 1
github.com/suyashkumar/dicom/pkg/personname/groupInfo.go:67.2,67.72 1 1
github.com/suyashkumar/dicom/pkg/personname/groupInfo.go:96.46,98.75 1 1
github.com/suyashkumar/dicom/pkg/personname/groupInfo.go:98.75,100.3 1 1
github.com/suyashkumar/dicom/pkg/personname/groupInfo.go:103.2,112.81 2 1
github.com/suyashkumar/dicom/pkg/personname/groupInfo.go:118.41,120.16 2 1
github.com/suyashkumar/dicom/pkg/personname/groupInfo.go:120.16,121.13 1 1
github.com/suyashkumar/dicom/pkg/personname/groupInfo.go:123.2,123.12 1 1
github.com/suyashkumar/dicom/pkg/personname/groupInfo.go:127.39,133.2 1 1
github.com/suyashkumar/dicom/pkg/personname/groupInfo.go:137.81,141.22 3 1
github.com/suyashkumar/dicom/pkg/personname/groupInfo.go:141.22,143.3 1 1
github.com/suyashkumar/dicom/pkg/personname/groupInfo.go:145.2,149.38 3 1
github.com/suyashkumar/dicom/pkg/personname/groupInfo.go:149.38,152.23 1 1
github.com/suyashkumar/dicom/pkg/personname/groupInfo.go:152.23,154.4 1 1
github.com/suyashkumar/dicom/pkg/personname/groupInfo.go:154.9,158.4 1 1
github.com/suyashkumar/dicom/pkg/personname/groupInfo.go:160.3,160.12 1 1
github.com/suyashkumar/dicom/pkg/personname/groupInfo.go:161.10,162.37 1 1
github.com/suyashkumar/dicom/pkg/personname/groupInfo.go:163.10,164.36 1 1
github.com/suyashkumar/dicom/pkg/personname/groupInfo.go:165.10,166.37 1 1
github.com/suyashkumar/dicom/pkg/personname/groupInfo.go:167.10,168.37 1 1
github.com/suyashkumar/dicom/pkg/personname/groupInfo.go:169.10,170.37 1 1
github.com/suyashkumar/dicom/pkg/personname/groupInfo.go:176.2,176.41 1 1
github.com/suyashkumar/dicom/pkg/personname/groupInfo.go:176.41,178.3 1 1
github.com/suyashkumar/dicom/pkg/personname/groupInfo.go:180.2,180.23 1 1
github.com/suyashkumar/dicom/pkg/personname/info.go:14.38,15.15 1 1
github.com/suyashkumar/dicom/pkg/personname/info.go:16.25,17.22 1 1
github.com/suyashkumar/dicom/pkg/personname/info.go:18.26,19.23 1 1
github.com/suyashkumar/dicom/pkg/personname/info.go:20.23,21.20 1 1
github.com/suyashkumar/dicom/pkg/personname/info.go:22.10,23.57 1 0
github.com/suyashkumar/dicom/pkg/personname/info.go:48.52,49.15 1 0
github.com/suyashkumar/dicom/pkg/personname/info.go:50.25,51.16 1 0
github.com/suyashkumar/dicom/pkg/personname/info.go:52.32,53.23 1 0
github.com/suyashkumar/dicom/pkg/personname/info.go:54.24,55.15 1 0
github.com/suyashkumar/dicom/pkg/personname/info.go:56.10,57.21 1 0
github.com/suyashkumar/dicom/pkg/personname/info.go:74.66,75.31 1 1
github.com/suyashkumar/dicom/pkg/personname/info.go:75.31,77.3 1 1
github.com/suyashkumar/dicom/pkg/personname/info.go:79.2,79.71 1 1
github.com/suyashkumar/dicom/pkg/personname/info.go:123.8,129.2 5 1
github.com/suyashkumar/dicom/pkg/personname/info.go:139.44,150.2 1 1
github.com/suyashkumar/dicom/pkg/personname/info.go:161.47,172.2 1 1
github.com/suyashkumar/dicom/pkg/personname/info.go:179.44,184.90 2 1
github.com/suyashkumar/dicom/pkg/personname/info.go:184.90,185.22 1 1
github.com/suyashkumar/dicom/pkg/personname/info.go:185.22,187.4 1 1
github.com/suyashkumar/dicom/pkg/personname/info.go:190.2,190.13 1 1
github.com/suyashkumar/dicom/pkg/personname/info.go:195.40,198.72 2 1
github.com/suyashkumar/dicom/pkg/personname/info.go:198.72,200.3 1 1
github.com/suyashkumar/dicom/pkg/personname/info.go:203.2,204.86 2 1
github.com/suyashkumar/dicom/pkg/personname/info.go:204.86,206.17 2 1
github.com/suyashkumar/dicom/pkg/personname/info.go:206.17,210.4 1 0
github.com/suyashkumar/dicom/pkg/personname/info.go:213.2,213.82 1 1
github.com/suyashkumar/dicom/pkg/personname/info.go:219.35,221.16 2 1
github.com/suyashkumar/dicom/pkg/personname/info.go:221.16,222.13 1 1
github.com/suyashkumar/dicom/pkg/personname/info.go:225.2,225.12 1 1
github.com/suyashkumar/dicom/pkg/personname/info.go:230.33,234.2 1 1
github.com/suyashkumar/dicom/pkg/personname/info.go:237.46,242.21 2 1
github.com/suyashkumar/dicom/pkg/personname/info.go:242.21,244.3 1 1
github.com/suyashkumar/dicom/pkg/personname/info.go:247.2,252.37 3 1
github.com/suyashkumar/dicom/pkg/personname/info.go:252.37,255.24 1 1
github.com/suyashkumar/dicom/pkg/personname/info.go:255.24,257.4 1 1
github.com/suyashkumar/dicom/pkg/personname/info.go:257.9,261.4 1 1
github.com/suyashkumar/dicom/pkg/personname/info.go:264.3,268.17 3 1
github.com/suyashkumar/dicom/pkg/personname/info.go:268.17,270.4 1 1
github.com/suyashkumar/dicom/pkg/personname/info.go:273.3,273.16 1 1
github.com/suyashkumar/dicom/pkg/personname/info.go:274.26,275.31 1 1
github.com/suyashkumar/dicom/pkg/personname/info.go:276.27,277.32 1 1
github.com/suyashkumar/dicom/pkg/personname/info.go:278.24,279.29 1 1
github.com/suyashkumar/dicom/pkg/personname/info.go:283.2,285.18 2 1
github.com/suyashkumar/dicom/pkg/tag/tag.go:37.37,38.21 1 1
github.com/suyashkumar/dicom/pkg/tag/tag.go:38.21,40.3 1 1
github.com/suyashkumar/dicom/pkg/tag/tag.go:41.2,41.33 1 1
github.com/suyashkumar/dicom/pkg/tag/tag.go:41.33,43.3 1 1
github.com/suyashkumar/dicom/pkg/tag/tag.go:44.2,44.10 1 1
github.com/suyashkumar/dicom/pkg/tag/tag.go:48.37,50.2 1 1
github.com/suyashkumar/dicom/pkg/tag/tag.go:53.30,55.2 1 1
github.com/suyashkumar/dicom/pkg/tag/tag.go:58.35,60.2 1 1
github.com/suyashkumar/dicom/pkg/tag/tag.go:64.30,66.2 1 0
github.com/suyashkumar/dicom/pkg/tag/tag.go:72.40,73.25 1 0
github.com/suyashkumar/dicom/pkg/tag/tag.go:73.25,74.25 1 0
github.com/suyashkumar/dicom/pkg/tag/tag.go:74.25,76.4 1 0
github.com/suyashkumar/dicom/pkg/tag/tag.go:78.2,78.14 1 0
github.com/suyashkumar/dicom/pkg/tag/tag.go:140.43,141.17 1 0
github.com/suyashkumar/dicom/pkg/tag/tag.go:141.17,143.3 1 0
github.com/suyashkumar/dicom/pkg/tag/tag.go:143.8,143.29 1 0
github.com/suyashkumar/dicom/pkg/tag/tag.go:143.29,145.3 1 0
github.com/suyashkumar/dicom/pkg/tag/tag.go:146.2,146.12 1 0
github.com/suyashkumar/dicom/pkg/tag/tag.go:147.12,148.16 1 0
github.com/suyashkumar/dicom/pkg/tag/tag.go:149.12,150.19 1 0
github.com/suyashkumar/dicom/pkg/tag/tag.go:151.18,152.17 1 0
github.com/suyashkumar/dicom/pkg/tag/tag.go:153.18,154.18 1 0
github.com/suyashkumar/dicom/pkg/tag/tag.go:155.12,156.22 1 0
github.com/suyashkumar/dicom/pkg/tag/tag.go:157.12,158.21 1 0
github.com/suyashkumar/dicom/pkg/tag/tag.go:159.12,160.22 1 0
github.com/suyashkumar/dicom/pkg/tag/tag.go:161.12,162.21 1 0
github.com/suyashkumar/dicom/pkg/tag/tag.go:163.12,164.23 1 0
github.com/suyashkumar/dicom/pkg/tag/tag.go:165.12,166.23 1 0
github.com/suyashkumar/dicom/pkg/tag/tag.go:167.12,168.20 1 0
github.com/suyashkumar/dicom/pkg/tag/tag.go:169.12,170.19 1 0
github.com/suyashkumar/dicom/pkg/tag/tag.go:171.10,172.22 1 0
github.com/suyashkumar/dicom/pkg/tag/tag.go:178.34,180.9 2 1
github.com/suyashkumar/dicom/pkg/tag/tag.go:180.9,182.48 1 0
github.com/suyashkumar/dicom/pkg/tag/tag.go:182.48,184.4 1 0
github.com/suyashkumar/dicom/pkg/tag/tag.go:184.9,186.4 1 0
github.com/suyashkumar/dicom/pkg/tag/tag.go:188.2,188.19 1 1
github.com/suyashkumar/dicom/pkg/tag/tag.go:192.29,194.16 2 0
github.com/suyashkumar/dicom/pkg/tag/tag.go:194.16,195.55 1 0
github.com/suyashkumar/dicom/pkg/tag/tag.go:197.2,197.10 1 0
github.com/suyashkumar/dicom/pkg/tag/tag.go:205.50,206.30 1 1
github.com/suyashkumar/dicom/pkg/tag/tag.go:206.30,207.52 1 1
github.com/suyashkumar/dicom/pkg/tag/tag.go:207.52,209.4 1 1
github.com/suyashkumar/dicom/pkg/tag/tag.go:211.2,211.71 1 1
github.com/suyashkumar/dicom/pkg/tag/tag.go:218.44,220.2 1 1
github.com/suyashkumar/dicom/pkg/tag/tag.go:224.34,226.16 2 0
github.com/suyashkumar/dicom/pkg/tag/tag.go:226.16,227.27 1 0
github.com/suyashkumar/dicom/pkg/tag/tag.go:227.27,229.4 1 0
github.com/suyashkumar/dicom/pkg/tag/tag.go:230.3,230.64 1 0
github.com/suyashkumar/dicom/pkg/tag/tag.go:232.2,232.74 1 0
github.com/suyashkumar/dicom/pkg/tag/tag.go:237.40,240.16 3 1
github.com/suyashkumar/dicom/pkg/tag/tag.go:240.16,242.3 1 0
github.com/suyashkumar/dicom/pkg/tag/tag.go:243.2,244.16 2 1
github.com/suyashkumar/dicom/pkg/tag/tag.go:244.16,246.3 1 0
github.com/suyashkumar/dicom/pkg/tag/tag.go:247.2,247.62 1 1
github.com/suyashkumar/dicom/pkg/tag/tag.go:254.39,256.21 2 1
github.com/suyashkumar/dicom/pkg/tag/tag.go:256.21,258.3 1 1
github.com/suyashkumar/dicom/pkg/tag/tag.go:259.2,260.12 2 1
github.com/suyashkumar/dicom/pkg/tag/vrkind_string.go:11.33,12.48 1 1
github.com/suyashkumar/dicom/pkg/tag/vrkind_string.go:12.48,14.3 1 1
github.com/suyashkumar/dicom/pkg/tag/vrkind_string.go:15.2,15.58 1 1
github.com/suyashkumar/dicom/pkg/uid/uid.go:24.61,26.13 1 1
github.com/suyashkumar/dicom/pkg/uid/uid.go:30.34,31.18 1 1
github.com/suyashkumar/dicom/pkg/uid/uid.go:32.10,34.17 2 1
github.com/suyashkumar/dicom/pkg/uid/uid.go:34.17,36.4 1 1
github.com/suyashkumar/dicom/pkg/uid/uid.go:37.3,37.35 1 1
github.com/suyashkumar/dicom/pkg/uid/uid.go:37.35,39.4 1 1
github.com/suyashkumar/dicom/pkg/uid/uid.go:41.3,41.37 1 0
github.com/suyashkumar/dicom/pkg/uid/uid.go:50.89,52.16 2 1
github.com/suyashkumar/dicom/pkg/uid/uid.go:52.16,54.3 1 1
github.com/suyashkumar/dicom/pkg/uid/uid.go:55.2,55.19 1 1
github.com/suyashkumar/dicom/pkg/uid/uid.go:56.30,57.40 1 1
github.com/suyashkumar/dicom/pkg/uid/uid.go:58.38,59.41 1 1
github.com/suyashkumar/dicom/pkg/uid/uid.go:60.30,61.41 1 1
github.com/suyashkumar/dicom/pkg/uid/uid.go:62.27,63.38 1 1
github.com/suyashkumar/dicom/pkg/uid/uid.go:64.10,66.19 1 0
github.com/suyashkumar/dicom/pkg/uid/uid_definitions.go:449.37,451.2 1 1
github.com/suyashkumar/dicom/pkg/uid/uid_definitions.go:455.39,457.9 2 1
github.com/suyashkumar/dicom/pkg/uid/uid_definitions.go:457.9,459.3 1 1
github.com/suyashkumar/dicom/pkg/uid/uid_definitions.go:460.2,460.15 1 1
github.com/suyashkumar/dicom/pkg/uid/uid_definitions.go:464.34,466.16 2 1
github.com/suyashkumar/dicom/pkg/uid/uid_definitions.go:466.16,467.13 1 1
github.com/suyashkumar/dicom/pkg/uid/uid_definitions.go:469.2,469.10 1 1
github.com/suyashkumar/dicom/pkg/uid/uid_definitions.go:473.35,475.9 2 1
github.com/suyashkumar/dicom/pkg/uid/uid_definitions.go:475.9,477.3 1 1
github.com/suyashkumar/dicom/pkg/uid/uid_definitions.go:478.2,478.43 1 1
